[ 50%] [32mBuilding CXX object CMakeFiles/wall_follower.dir/src/wall_follower.cpp.o[0m
[100%] [32m[1mLinking CXX executable wall_follower[0m
[100%] Built target wall_follower
-- Install configuration: ""
-- Execute custom install script
-- Up-to-date symlink: /root/turtlebot3_ws/install/my_nav_nodes/lib/my_nav_nodes/wall_follower
-- Up-to-date symlink: /root/turtlebot3_ws/install/my_nav_nodes/share/ament_index/resource_index/package_run_dependencies/my_nav_nodes
-- Up-to-date symlink: /root/turtlebot3_ws/install/my_nav_nodes/share/ament_index/resource_index/parent_prefix_path/my_nav_nodes
-- Up-to-date symlink: /root/turtlebot3_ws/install/my_nav_nodes/share/my_nav_nodes/environment/ament_prefix_path.sh
-- Up-to-date symlink: /root/turtlebot3_ws/install/my_nav_nodes/share/my_nav_nodes/environment/ament_prefix_path.dsv
-- Up-to-date symlink: /root/turtlebot3_ws/install/my_nav_nodes/share/my_nav_nodes/environment/path.sh
-- Up-to-date symlink: /root/turtlebot3_ws/install/my_nav_nodes/share/my_nav_nodes/environment/path.dsv
-- Up-to-date symlink: /root/turtlebot3_ws/install/my_nav_nodes/share/my_nav_nodes/local_setup.bash
-- Up-to-date symlink: /root/turtlebot3_ws/install/my_nav_nodes/share/my_nav_nodes/local_setup.sh
-- Up-to-date symlink: /root/turtlebot3_ws/install/my_nav_nodes/share/my_nav_nodes/local_setup.zsh
-- Up-to-date symlink: /root/turtlebot3_ws/install/my_nav_nodes/share/my_nav_nodes/local_setup.dsv
-- Symlinking: /root/turtlebot3_ws/install/my_nav_nodes/share/my_nav_nodes/package.dsv
-- Up-to-date symlink: /root/turtlebot3_ws/install/my_nav_nodes/share/ament_index/resource_index/packages/my_nav_nodes
-- Up-to-date symlink: /root/turtlebot3_ws/install/my_nav_nodes/share/my_nav_nodes/cmake/my_nav_nodesConfig.cmake
-- Up-to-date symlink: /root/turtlebot3_ws/install/my_nav_nodes/share/my_nav_nodes/cmake/my_nav_nodesConfig-version.cmake
-- Up-to-date symlink: /root/turtlebot3_ws/install/my_nav_nodes/share/my_nav_nodes/package.xml
