-- Found ament_cmake: 2.5.6 (/opt/ros/jazzy/share/ament_cmake/cmake)
-- Override CMake install command with custom implementation using symlinks instead of copying resources
-- Found rclcpp: 28.1.18 (/opt/ros/jazzy/share/rclcpp/cmake)
-- Found rosidl_generator_c: 4.6.7 (/opt/ros/jazzy/share/rosidl_generator_c/cmake)
-- Found rosidl_generator_cpp: 4.6.7 (/opt/ros/jazzy/share/rosidl_generator_cpp/cmake)
-- Using all available rosidl_typesupport_c: rosidl_typesupport_fastrtps_c;rosidl_typesupport_introspection_c
-- Using all available rosidl_typesupport_cpp: rosidl_typesupport_fastrtps_cpp;rosidl_typesupport_introspection_cpp
-- Found rmw_implementation_cmake: 7.3.3 (/opt/ros/jazzy/share/rmw_implementation_cmake/cmake)
-- Found rmw_fastrtps_cpp: 8.4.3 (/opt/ros/jazzy/share/rmw_fastrtps_cpp/cmake)
-- Using RMW implementation 'rmw_fastrtps_cpp' as default
-- Found geometry_msgs: 5.3.7 (/opt/ros/jazzy/share/geometry_msgs/cmake)
-- Found sensor_msgs: 5.3.7 (/opt/ros/jazzy/share/sensor_msgs/cmake)
-- Configuring done (0.7s)
-- Generating done (0.0s)
-- Build files have been written to: /root/turtlebot3_ws/build/my_nav_nodes
[ 50%] [32mBuilding CXX object CMakeFiles/wall_follower.dir/src/wall_follower.cpp.o[0m
[100%] [32m[1mLinking CXX executable wall_follower[0m
[100%] Built target wall_follower
-- Install configuration: ""
-- Execute custom install script
-- Up-to-date symlink: /root/turtlebot3_ws/install/my_nav_nodes/lib/my_nav_nodes/wall_follower
-- Up-to-date symlink: /root/turtlebot3_ws/install/my_nav_nodes/share/ament_index/resource_index/package_run_dependencies/my_nav_nodes
-- Up-to-date symlink: /root/turtlebot3_ws/install/my_nav_nodes/share/ament_index/resource_index/parent_prefix_path/my_nav_nodes
-- Up-to-date symlink: /root/turtlebot3_ws/install/my_nav_nodes/share/my_nav_nodes/environment/ament_prefix_path.sh
-- Up-to-date symlink: /root/turtlebot3_ws/install/my_nav_nodes/share/my_nav_nodes/environment/ament_prefix_path.dsv
-- Up-to-date symlink: /root/turtlebot3_ws/install/my_nav_nodes/share/my_nav_nodes/environment/path.sh
-- Up-to-date symlink: /root/turtlebot3_ws/install/my_nav_nodes/share/my_nav_nodes/environment/path.dsv
-- Up-to-date symlink: /root/turtlebot3_ws/install/my_nav_nodes/share/my_nav_nodes/local_setup.bash
-- Up-to-date symlink: /root/turtlebot3_ws/install/my_nav_nodes/share/my_nav_nodes/local_setup.sh
-- Up-to-date symlink: /root/turtlebot3_ws/install/my_nav_nodes/share/my_nav_nodes/local_setup.zsh
-- Up-to-date symlink: /root/turtlebot3_ws/install/my_nav_nodes/share/my_nav_nodes/local_setup.dsv
-- Symlinking: /root/turtlebot3_ws/install/my_nav_nodes/share/my_nav_nodes/package.dsv
-- Up-to-date symlink: /root/turtlebot3_ws/install/my_nav_nodes/share/ament_index/resource_index/packages/my_nav_nodes
-- Up-to-date symlink: /root/turtlebot3_ws/install/my_nav_nodes/share/my_nav_nodes/cmake/my_nav_nodesConfig.cmake
-- Up-to-date symlink: /root/turtlebot3_ws/install/my_nav_nodes/share/my_nav_nodes/cmake/my_nav_nodesConfig-version.cmake
-- Up-to-date symlink: /root/turtlebot3_ws/install/my_nav_nodes/share/my_nav_nodes/package.xml
