[0.018s] Invoking command in '/root/turtlebot3_ws/build/my_nav_nodes': CMAKE_PREFIX_PATH=${CMAKE_PREFIX_PATH}:/opt/ros/jazzy /usr/bin/cmake /root/turtlebot3_ws/src/my_nav_nodes -DCMAKE_INSTALL_PREFIX=/root/turtlebot3_ws/install/my_nav_nodes
[0.064s] -- Found ament_cmake: 2.5.6 (/opt/ros/jazzy/share/ament_cmake/cmake)
[0.242s] -- Override CMake install command with custom implementation using symlinks instead of copying resources
[0.262s] -- Found rclcpp: 28.1.18 (/opt/ros/jazzy/share/rclcpp/cmake)
[0.308s] -- Found rosidl_generator_c: 4.6.7 (/opt/ros/jazzy/share/rosidl_generator_c/cmake)
[0.319s] -- Found rosidl_generator_cpp: 4.6.7 (/opt/ros/jazzy/share/rosidl_generator_cpp/cmake)
[0.334s] -- Using all available rosidl_typesupport_c: rosidl_typesupport_fastrtps_c;rosidl_typesupport_introspection_c
[0.350s] -- Using all available rosidl_typesupport_cpp: rosidl_typesupport_fastrtps_cpp;rosidl_typesupport_introspection_cpp
[0.428s] -- Found rmw_implementation_cmake: 7.3.3 (/opt/ros/jazzy/share/rmw_implementation_cmake/cmake)
[0.430s] -- Found rmw_fastrtps_cpp: 8.4.3 (/opt/ros/jazzy/share/rmw_fastrtps_cpp/cmake)
[0.511s] -- Using RMW implementation 'rmw_fastrtps_cpp' as default
[0.589s] -- Found geometry_msgs: 5.3.7 (/opt/ros/jazzy/share/geometry_msgs/cmake)
[0.624s] -- Found sensor_msgs: 5.3.7 (/opt/ros/jazzy/share/sensor_msgs/cmake)
[0.760s] -- Configuring done (0.7s)
[0.781s] -- Generating done (0.0s)
[0.786s] -- Build files have been written to: /root/turtlebot3_ws/build/my_nav_nodes
[0.796s] Invoked command in '/root/turtlebot3_ws/build/my_nav_nodes' returned '0': CMAKE_PREFIX_PATH=${CMAKE_PREFIX_PATH}:/opt/ros/jazzy /usr/bin/cmake /root/turtlebot3_ws/src/my_nav_nodes -DCMAKE_INSTALL_PREFIX=/root/turtlebot3_ws/install/my_nav_nodes
[0.798s] Invoking command in '/root/turtlebot3_ws/build/my_nav_nodes': CMAKE_PREFIX_PATH=${CMAKE_PREFIX_PATH}:/opt/ros/jazzy /usr/bin/cmake --build /root/turtlebot3_ws/build/my_nav_nodes -- -j32 -l32
[0.864s] [ 50%] [32mBuilding CXX object CMakeFiles/wall_follower.dir/src/wall_follower.cpp.o[0m
[8.072s] [100%] [32m[1mLinking CXX executable wall_follower[0m
[8.327s] [100%] Built target wall_follower
[8.337s] Invoked command in '/root/turtlebot3_ws/build/my_nav_nodes' returned '0': CMAKE_PREFIX_PATH=${CMAKE_PREFIX_PATH}:/opt/ros/jazzy /usr/bin/cmake --build /root/turtlebot3_ws/build/my_nav_nodes -- -j32 -l32
[8.347s] Invoking command in '/root/turtlebot3_ws/build/my_nav_nodes': CMAKE_PREFIX_PATH=${CMAKE_PREFIX_PATH}:/opt/ros/jazzy /usr/bin/cmake --install /root/turtlebot3_ws/build/my_nav_nodes
[8.354s] -- Install configuration: ""
[8.354s] -- Execute custom install script
[8.355s] -- Up-to-date symlink: /root/turtlebot3_ws/install/my_nav_nodes/lib/my_nav_nodes/wall_follower
[8.355s] -- Up-to-date symlink: /root/turtlebot3_ws/install/my_nav_nodes/share/ament_index/resource_index/package_run_dependencies/my_nav_nodes
[8.355s] -- Up-to-date symlink: /root/turtlebot3_ws/install/my_nav_nodes/share/ament_index/resource_index/parent_prefix_path/my_nav_nodes
[8.355s] -- Up-to-date symlink: /root/turtlebot3_ws/install/my_nav_nodes/share/my_nav_nodes/environment/ament_prefix_path.sh
[8.355s] -- Up-to-date symlink: /root/turtlebot3_ws/install/my_nav_nodes/share/my_nav_nodes/environment/ament_prefix_path.dsv
[8.355s] -- Up-to-date symlink: /root/turtlebot3_ws/install/my_nav_nodes/share/my_nav_nodes/environment/path.sh
[8.356s] -- Up-to-date symlink: /root/turtlebot3_ws/install/my_nav_nodes/share/my_nav_nodes/environment/path.dsv
[8.356s] -- Up-to-date symlink: /root/turtlebot3_ws/install/my_nav_nodes/share/my_nav_nodes/local_setup.bash
[8.356s] -- Up-to-date symlink: /root/turtlebot3_ws/install/my_nav_nodes/share/my_nav_nodes/local_setup.sh
[8.356s] -- Up-to-date symlink: /root/turtlebot3_ws/install/my_nav_nodes/share/my_nav_nodes/local_setup.zsh
[8.356s] -- Up-to-date symlink: /root/turtlebot3_ws/install/my_nav_nodes/share/my_nav_nodes/local_setup.dsv
[8.356s] -- Symlinking: /root/turtlebot3_ws/install/my_nav_nodes/share/my_nav_nodes/package.dsv
[8.365s] -- Up-to-date symlink: /root/turtlebot3_ws/install/my_nav_nodes/share/ament_index/resource_index/packages/my_nav_nodes
[8.365s] -- Up-to-date symlink: /root/turtlebot3_ws/install/my_nav_nodes/share/my_nav_nodes/cmake/my_nav_nodesConfig.cmake
[8.365s] -- Up-to-date symlink: /root/turtlebot3_ws/install/my_nav_nodes/share/my_nav_nodes/cmake/my_nav_nodesConfig-version.cmake
[8.365s] -- Up-to-date symlink: /root/turtlebot3_ws/install/my_nav_nodes/share/my_nav_nodes/package.xml
[8.366s] Invoked command in '/root/turtlebot3_ws/build/my_nav_nodes' returned '0': CMAKE_PREFIX_PATH=${CMAKE_PREFIX_PATH}:/opt/ros/jazzy /usr/bin/cmake --install /root/turtlebot3_ws/build/my_nav_nodes
