[0.053s] DEBUG:colcon:Command line arguments: ['/usr/bin/colcon', 'list', '-p', '--base-paths', '/root/turtlebot3_ws']
[0.053s] DEBUG:colcon:Parsed command line arguments: Namespace(log_base=None, log_level=None, verb_name='list', build_base='build', ignore_user_meta=False, metas=['./colcon.meta'], base_paths=['/root/turtlebot3_ws'], packages_ignore=None, packages_ignore_regex=None, paths=None, packages_up_to=None, packages_up_to_regex=None, packages_above=None, packages_above_and_dependencies=None, packages_above_depth=None, packages_select_by_dep=None, packages_skip_by_dep=None, packages_skip_up_to=None, packages_select_build_failed=False, packages_skip_build_finished=False, packages_select_test_failures=False, packages_skip_test_passed=False, packages_select=None, packages_skip=None, packages_select_regex=None, packages_skip_regex=None, packages_start=None, packages_end=None, topological_order=False, names_only=False, paths_only=True, topological_graph=False, topological_graph_dot=False, topological_graph_density=False, topological_graph_legend=False, topological_graph_dot_cluster=False, topological_graph_dot_include_skipped=False, mixin_files=None, mixin=None, verb_parser=<colcon_mixin.mixin.mixin_argument.MixinArgumentDecorator object at 0x7f4251bc6270>, verb_extension=<colcon_package_information.verb.list.ListVerb object at 0x7f4251d83320>, main=<bound method ListVerb.main of <colcon_package_information.verb.list.ListVerb object at 0x7f4251d83320>>, mixin_verb=('list',))
[0.074s] Level 1:colcon.colcon_core.package_discovery:discover_packages(colcon_meta) check parameters
[0.074s] INFO:colcon.colcon_metadata.package_discovery.colcon_meta:Using configuration from '/root/.colcon/metadata/default/Gazebo.meta'
[0.075s] INFO:colcon.colcon_metadata.package_discovery.colcon_meta:Using configuration from '/root/.colcon/metadata/default/fastdds.meta'
[0.075s] INFO:colcon.colcon_metadata.package_discovery.colcon_meta:Using configuration from '/root/.colcon/metadata/default/fastrtps.meta'
[0.075s] Level 1:colcon.colcon_core.package_discovery:discover_packages(recursive) check parameters
[0.075s] Level 1:colcon.colcon_core.package_discovery:discover_packages(ignore) check parameters
[0.075s] Level 1:colcon.colcon_core.package_discovery:discover_packages(path) check parameters
[0.075s] Level 1:colcon.colcon_core.package_discovery:discover_packages(recursive) discover
[0.075s] INFO:colcon.colcon_core.package_discovery:Crawling recursively for packages in '/root/turtlebot3_ws'
[0.075s] Level 1:colcon.colcon_core.package_identification:_identify(/root/turtlebot3_ws) by extensions ['ignore', 'ignore_ament_install']
[0.075s] Level 1:colcon.colcon_core.package_identification:_identify(/root/turtlebot3_ws) by extension 'ignore'
[0.075s] Level 1:colcon.colcon_core.package_identification:_identify(/root/turtlebot3_ws) by extension 'ignore_ament_install'
[0.075s] Level 1:colcon.colcon_core.package_identification:_identify(/root/turtlebot3_ws) by extensions ['colcon_pkg']
[0.075s] Level 1:colcon.colcon_core.package_identification:_identify(/root/turtlebot3_ws) by extension 'colcon_pkg'
[0.075s] Level 1:colcon.colcon_core.package_identification:_identify(/root/turtlebot3_ws) by extensions ['colcon_meta']
[0.075s] Level 1:colcon.colcon_core.package_identification:_identify(/root/turtlebot3_ws) by extension 'colcon_meta'
[0.075s] Level 1:colcon.colcon_core.package_identification:_identify(/root/turtlebot3_ws) by extensions ['ros']
[0.075s] Level 1:colcon.colcon_core.package_identification:_identify(/root/turtlebot3_ws) by extension 'ros'
[0.090s] Level 1:colcon.colcon_core.package_identification:_identify(/root/turtlebot3_ws) by extensions ['cmake', 'python']
[0.090s] Level 1:colcon.colcon_core.package_identification:_identify(/root/turtlebot3_ws) by extension 'cmake'
[0.090s] Level 1:colcon.colcon_core.package_identification:_identify(/root/turtlebot3_ws) by extension 'python'
[0.090s] Level 1:colcon.colcon_core.package_identification:_identify(/root/turtlebot3_ws) by extensions ['python_setup_py']
[0.090s] Level 1:colcon.colcon_core.package_identification:_identify(/root/turtlebot3_ws) by extension 'python_setup_py'
[0.090s] Level 1:colcon.colcon_core.package_identification:_identify(/root/turtlebot3_ws/build) by extensions ['ignore', 'ignore_ament_install']
[0.090s] Level 1:colcon.colcon_core.package_identification:_identify(/root/turtlebot3_ws/build) by extension 'ignore'
[0.090s] Level 1:colcon.colcon_core.package_identification:_identify(/root/turtlebot3_ws/build) ignored
[0.090s] Level 1:colcon.colcon_core.package_identification:_identify(/root/turtlebot3_ws/install) by extensions ['ignore', 'ignore_ament_install']
[0.090s] Level 1:colcon.colcon_core.package_identification:_identify(/root/turtlebot3_ws/install) by extension 'ignore'
[0.090s] Level 1:colcon.colcon_core.package_identification:_identify(/root/turtlebot3_ws/install) ignored
[0.090s] Level 1:colcon.colcon_core.package_identification:_identify(/root/turtlebot3_ws/log) by extensions ['ignore', 'ignore_ament_install']
[0.090s] Level 1:colcon.colcon_core.package_identification:_identify(/root/turtlebot3_ws/log) by extension 'ignore'
[0.090s] Level 1:colcon.colcon_core.package_identification:_identify(/root/turtlebot3_ws/log) ignored
[0.090s] Level 1:colcon.colcon_core.package_identification:_identify(/root/turtlebot3_ws/src) by extensions ['ignore', 'ignore_ament_install']
[0.090s] Level 1:colcon.colcon_core.package_identification:_identify(/root/turtlebot3_ws/src) by extension 'ignore'
[0.090s] Level 1:colcon.colcon_core.package_identification:_identify(/root/turtlebot3_ws/src) by extension 'ignore_ament_install'
[0.090s] Level 1:colcon.colcon_core.package_identification:_identify(/root/turtlebot3_ws/src) by extensions ['colcon_pkg']
[0.090s] Level 1:colcon.colcon_core.package_identification:_identify(/root/turtlebot3_ws/src) by extension 'colcon_pkg'
[0.090s] Level 1:colcon.colcon_core.package_identification:_identify(/root/turtlebot3_ws/src) by extensions ['colcon_meta']
[0.090s] Level 1:colcon.colcon_core.package_identification:_identify(/root/turtlebot3_ws/src) by extension 'colcon_meta'
[0.091s] Level 1:colcon.colcon_core.package_identification:_identify(/root/turtlebot3_ws/src) by extensions ['ros']
[0.091s] Level 1:colcon.colcon_core.package_identification:_identify(/root/turtlebot3_ws/src) by extension 'ros'
[0.091s] Level 1:colcon.colcon_core.package_identification:_identify(/root/turtlebot3_ws/src) by extensions ['cmake', 'python']
[0.091s] Level 1:colcon.colcon_core.package_identification:_identify(/root/turtlebot3_ws/src) by extension 'cmake'
[0.091s] Level 1:colcon.colcon_core.package_identification:_identify(/root/turtlebot3_ws/src) by extension 'python'
[0.091s] Level 1:colcon.colcon_core.package_identification:_identify(/root/turtlebot3_ws/src) by extensions ['python_setup_py']
[0.091s] Level 1:colcon.colcon_core.package_identification:_identify(/root/turtlebot3_ws/src) by extension 'python_setup_py'
[0.091s] Level 1:colcon.colcon_core.package_identification:_identify(/root/turtlebot3_ws/src/my_nav_nodes) by extensions ['ignore', 'ignore_ament_install']
[0.091s] Level 1:colcon.colcon_core.package_identification:_identify(/root/turtlebot3_ws/src/my_nav_nodes) by extension 'ignore'
[0.091s] Level 1:colcon.colcon_core.package_identification:_identify(/root/turtlebot3_ws/src/my_nav_nodes) by extension 'ignore_ament_install'
[0.091s] Level 1:colcon.colcon_core.package_identification:_identify(/root/turtlebot3_ws/src/my_nav_nodes) by extensions ['colcon_pkg']
[0.091s] Level 1:colcon.colcon_core.package_identification:_identify(/root/turtlebot3_ws/src/my_nav_nodes) by extension 'colcon_pkg'
[0.091s] Level 1:colcon.colcon_core.package_identification:_identify(/root/turtlebot3_ws/src/my_nav_nodes) by extensions ['colcon_meta']
[0.091s] Level 1:colcon.colcon_core.package_identification:_identify(/root/turtlebot3_ws/src/my_nav_nodes) by extension 'colcon_meta'
[0.091s] Level 1:colcon.colcon_core.package_identification:_identify(/root/turtlebot3_ws/src/my_nav_nodes) by extensions ['ros']
[0.091s] Level 1:colcon.colcon_core.package_identification:_identify(/root/turtlebot3_ws/src/my_nav_nodes) by extension 'ros'
[0.092s] DEBUG:colcon.colcon_core.package_identification:Package '/root/turtlebot3_ws/src/my_nav_nodes' with type 'ros.ament_cmake' and name 'my_nav_nodes'
[0.092s] Level 1:colcon.colcon_core.package_identification:_identify(/root/turtlebot3_ws/src/turtlebot3_simulations) by extensions ['ignore', 'ignore_ament_install']
[0.093s] Level 1:colcon.colcon_core.package_identification:_identify(/root/turtlebot3_ws/src/turtlebot3_simulations) by extension 'ignore'
[0.093s] Level 1:colcon.colcon_core.package_identification:_identify(/root/turtlebot3_ws/src/turtlebot3_simulations) by extension 'ignore_ament_install'
[0.093s] Level 1:colcon.colcon_core.package_identification:_identify(/root/turtlebot3_ws/src/turtlebot3_simulations) by extensions ['colcon_pkg']
[0.093s] Level 1:colcon.colcon_core.package_identification:_identify(/root/turtlebot3_ws/src/turtlebot3_simulations) by extension 'colcon_pkg'
[0.093s] Level 1:colcon.colcon_core.package_identification:_identify(/root/turtlebot3_ws/src/turtlebot3_simulations) by extensions ['colcon_meta']
[0.093s] Level 1:colcon.colcon_core.package_identification:_identify(/root/turtlebot3_ws/src/turtlebot3_simulations) by extension 'colcon_meta'
[0.093s] Level 1:colcon.colcon_core.package_identification:_identify(/root/turtlebot3_ws/src/turtlebot3_simulations) by extensions ['ros']
[0.093s] Level 1:colcon.colcon_core.package_identification:_identify(/root/turtlebot3_ws/src/turtlebot3_simulations) by extension 'ros'
[0.093s] Level 1:colcon.colcon_core.package_identification:_identify(/root/turtlebot3_ws/src/turtlebot3_simulations) by extensions ['cmake', 'python']
[0.093s] Level 1:colcon.colcon_core.package_identification:_identify(/root/turtlebot3_ws/src/turtlebot3_simulations) by extension 'cmake'
[0.093s] Level 1:colcon.colcon_core.package_identification:_identify(/root/turtlebot3_ws/src/turtlebot3_simulations) by extension 'python'
[0.093s] Level 1:colcon.colcon_core.package_identification:_identify(/root/turtlebot3_ws/src/turtlebot3_simulations) by extensions ['python_setup_py']
[0.093s] Level 1:colcon.colcon_core.package_identification:_identify(/root/turtlebot3_ws/src/turtlebot3_simulations) by extension 'python_setup_py'
[0.093s] Level 1:colcon.colcon_core.package_identification:_identify(/root/turtlebot3_ws/src/turtlebot3_simulations/turtlebot3_fake_node) by extensions ['ignore', 'ignore_ament_install']
[0.093s] Level 1:colcon.colcon_core.package_identification:_identify(/root/turtlebot3_ws/src/turtlebot3_simulations/turtlebot3_fake_node) by extension 'ignore'
[0.093s] Level 1:colcon.colcon_core.package_identification:_identify(/root/turtlebot3_ws/src/turtlebot3_simulations/turtlebot3_fake_node) by extension 'ignore_ament_install'
[0.093s] Level 1:colcon.colcon_core.package_identification:_identify(/root/turtlebot3_ws/src/turtlebot3_simulations/turtlebot3_fake_node) by extensions ['colcon_pkg']
[0.093s] Level 1:colcon.colcon_core.package_identification:_identify(/root/turtlebot3_ws/src/turtlebot3_simulations/turtlebot3_fake_node) by extension 'colcon_pkg'
[0.093s] Level 1:colcon.colcon_core.package_identification:_identify(/root/turtlebot3_ws/src/turtlebot3_simulations/turtlebot3_fake_node) by extensions ['colcon_meta']
[0.093s] Level 1:colcon.colcon_core.package_identification:_identify(/root/turtlebot3_ws/src/turtlebot3_simulations/turtlebot3_fake_node) by extension 'colcon_meta'
[0.093s] Level 1:colcon.colcon_core.package_identification:_identify(/root/turtlebot3_ws/src/turtlebot3_simulations/turtlebot3_fake_node) by extensions ['ros']
[0.093s] Level 1:colcon.colcon_core.package_identification:_identify(/root/turtlebot3_ws/src/turtlebot3_simulations/turtlebot3_fake_node) by extension 'ros'
[0.094s] DEBUG:colcon.colcon_core.package_identification:Package '/root/turtlebot3_ws/src/turtlebot3_simulations/turtlebot3_fake_node' with type 'ros.ament_cmake' and name 'turtlebot3_fake_node'
[0.094s] Level 1:colcon.colcon_core.package_identification:_identify(/root/turtlebot3_ws/src/turtlebot3_simulations/turtlebot3_gazebo) by extensions ['ignore', 'ignore_ament_install']
[0.094s] Level 1:colcon.colcon_core.package_identification:_identify(/root/turtlebot3_ws/src/turtlebot3_simulations/turtlebot3_gazebo) by extension 'ignore'
[0.094s] Level 1:colcon.colcon_core.package_identification:_identify(/root/turtlebot3_ws/src/turtlebot3_simulations/turtlebot3_gazebo) by extension 'ignore_ament_install'
[0.094s] Level 1:colcon.colcon_core.package_identification:_identify(/root/turtlebot3_ws/src/turtlebot3_simulations/turtlebot3_gazebo) by extensions ['colcon_pkg']
[0.094s] Level 1:colcon.colcon_core.package_identification:_identify(/root/turtlebot3_ws/src/turtlebot3_simulations/turtlebot3_gazebo) by extension 'colcon_pkg'
[0.094s] Level 1:colcon.colcon_core.package_identification:_identify(/root/turtlebot3_ws/src/turtlebot3_simulations/turtlebot3_gazebo) by extensions ['colcon_meta']
[0.094s] Level 1:colcon.colcon_core.package_identification:_identify(/root/turtlebot3_ws/src/turtlebot3_simulations/turtlebot3_gazebo) by extension 'colcon_meta'
[0.094s] Level 1:colcon.colcon_core.package_identification:_identify(/root/turtlebot3_ws/src/turtlebot3_simulations/turtlebot3_gazebo) by extensions ['ros']
[0.094s] Level 1:colcon.colcon_core.package_identification:_identify(/root/turtlebot3_ws/src/turtlebot3_simulations/turtlebot3_gazebo) by extension 'ros'
[0.095s] DEBUG:colcon.colcon_core.package_identification:Package '/root/turtlebot3_ws/src/turtlebot3_simulations/turtlebot3_gazebo' with type 'ros.ament_cmake' and name 'turtlebot3_gazebo'
[0.095s] Level 1:colcon.colcon_core.package_identification:_identify(/root/turtlebot3_ws/src/turtlebot3_simulations/turtlebot3_simulations) by extensions ['ignore', 'ignore_ament_install']
[0.095s] Level 1:colcon.colcon_core.package_identification:_identify(/root/turtlebot3_ws/src/turtlebot3_simulations/turtlebot3_simulations) by extension 'ignore'
[0.095s] Level 1:colcon.colcon_core.package_identification:_identify(/root/turtlebot3_ws/src/turtlebot3_simulations/turtlebot3_simulations) by extension 'ignore_ament_install'
[0.095s] Level 1:colcon.colcon_core.package_identification:_identify(/root/turtlebot3_ws/src/turtlebot3_simulations/turtlebot3_simulations) by extensions ['colcon_pkg']
[0.095s] Level 1:colcon.colcon_core.package_identification:_identify(/root/turtlebot3_ws/src/turtlebot3_simulations/turtlebot3_simulations) by extension 'colcon_pkg'
[0.095s] Level 1:colcon.colcon_core.package_identification:_identify(/root/turtlebot3_ws/src/turtlebot3_simulations/turtlebot3_simulations) by extensions ['colcon_meta']
[0.095s] Level 1:colcon.colcon_core.package_identification:_identify(/root/turtlebot3_ws/src/turtlebot3_simulations/turtlebot3_simulations) by extension 'colcon_meta'
[0.095s] Level 1:colcon.colcon_core.package_identification:_identify(/root/turtlebot3_ws/src/turtlebot3_simulations/turtlebot3_simulations) by extensions ['ros']
[0.095s] Level 1:colcon.colcon_core.package_identification:_identify(/root/turtlebot3_ws/src/turtlebot3_simulations/turtlebot3_simulations) by extension 'ros'
[0.095s] DEBUG:colcon.colcon_core.package_identification:Package '/root/turtlebot3_ws/src/turtlebot3_simulations/turtlebot3_simulations' with type 'ros.ament_cmake' and name 'turtlebot3_simulations'
[0.095s] Level 1:colcon.colcon_core.package_discovery:discover_packages(recursive) using defaults
