[0.127s] DEBUG:colcon:Command line arguments: ['/usr/bin/colcon', 'build', '--symlink-install']
[0.127s] DEBUG:colcon:Parsed command line arguments: Namespace(log_base=None, log_level=None, verb_name='build', build_base='build', install_base='install', merge_install=False, symlink_install=True, test_result_base=None, continue_on_error=False, executor='parallel', parallel_workers=32, event_handlers=None, ignore_user_meta=False, metas=['./colcon.meta'], base_paths=['.'], packages_ignore=None, packages_ignore_regex=None, paths=None, packages_up_to=None, packages_up_to_regex=None, packages_above=None, packages_above_and_dependencies=None, packages_above_depth=None, packages_select_by_dep=None, packages_skip_by_dep=None, packages_skip_up_to=None, packages_select_build_failed=False, packages_skip_build_finished=False, packages_select_test_failures=False, packages_skip_test_passed=False, packages_select=None, packages_skip=None, packages_select_regex=None, packages_skip_regex=None, packages_start=None, packages_end=None, cmake_args=None, cmake_target=None, cmake_target_skip_unavailable=False, cmake_clean_cache=False, cmake_clean_first=False, cmake_force_configure=False, ament_cmake_args=None, catkin_cmake_args=None, catkin_skip_building_tests=False, mixin_files=None, mixin=None, verb_parser=<colcon_mixin.mixin.mixin_argument.MixinArgumentDecorator object at 0x7fbdd2d61250>, verb_extension=<colcon_core.verb.build.BuildVerb object at 0x7fbdd2ec19d0>, main=<bound method BuildVerb.main of <colcon_core.verb.build.BuildVerb object at 0x7fbdd2ec19d0>>, mixin_verb=('build',))
[0.160s] Level 1:colcon.colcon_core.package_discovery:discover_packages(colcon_meta) check parameters
[0.160s] INFO:colcon.colcon_metadata.package_discovery.colcon_meta:Using configuration from '/root/.colcon/metadata/default/Gazebo.meta'
[0.160s] INFO:colcon.colcon_metadata.package_discovery.colcon_meta:Using configuration from '/root/.colcon/metadata/default/fastdds.meta'
[0.161s] INFO:colcon.colcon_metadata.package_discovery.colcon_meta:Using configuration from '/root/.colcon/metadata/default/fastrtps.meta'
[0.161s] Level 1:colcon.colcon_core.package_discovery:discover_packages(recursive) check parameters
[0.161s] Level 1:colcon.colcon_core.package_discovery:discover_packages(ignore) check parameters
[0.161s] Level 1:colcon.colcon_core.package_discovery:discover_packages(path) check parameters
[0.161s] Level 1:colcon.colcon_core.package_discovery:discover_packages(colcon_meta) discover
[0.161s] Level 1:colcon.colcon_core.package_discovery:discover_packages(recursive) discover
[0.161s] INFO:colcon.colcon_core.package_discovery:Crawling recursively for packages in '/root/turtlebot3_ws'
[0.161s] Level 1:colcon.colcon_core.package_identification:_identify(.) by extensions ['ignore', 'ignore_ament_install']
[0.161s] Level 1:colcon.colcon_core.package_identification:_identify(.) by extension 'ignore'
[0.161s] Level 1:colcon.colcon_core.package_identification:_identify(.) by extension 'ignore_ament_install'
[0.161s] Level 1:colcon.colcon_core.package_identification:_identify(.) by extensions ['colcon_pkg']
[0.161s] Level 1:colcon.colcon_core.package_identification:_identify(.) by extension 'colcon_pkg'
[0.161s] Level 1:colcon.colcon_core.package_identification:_identify(.) by extensions ['colcon_meta']
[0.161s] Level 1:colcon.colcon_core.package_identification:_identify(.) by extension 'colcon_meta'
[0.161s] Level 1:colcon.colcon_core.package_identification:_identify(.) by extensions ['ros']
[0.161s] Level 1:colcon.colcon_core.package_identification:_identify(.) by extension 'ros'
[0.179s] Level 1:colcon.colcon_core.package_identification:_identify(.) by extensions ['cmake', 'python']
[0.179s] Level 1:colcon.colcon_core.package_identification:_identify(.) by extension 'cmake'
[0.179s] Level 1:colcon.colcon_core.package_identification:_identify(.) by extension 'python'
[0.179s] Level 1:colcon.colcon_core.package_identification:_identify(.) by extensions ['python_setup_py']
[0.179s] Level 1:colcon.colcon_core.package_identification:_identify(.) by extension 'python_setup_py'
[0.179s] Level 1:colcon.colcon_core.package_identification:_identify(build) by extensions ['ignore', 'ignore_ament_install']
[0.179s] Level 1:colcon.colcon_core.package_identification:_identify(build) by extension 'ignore'
[0.179s] Level 1:colcon.colcon_core.package_identification:_identify(build) ignored
[0.179s] Level 1:colcon.colcon_core.package_identification:_identify(install) by extensions ['ignore', 'ignore_ament_install']
[0.179s] Level 1:colcon.colcon_core.package_identification:_identify(install) by extension 'ignore'
[0.179s] Level 1:colcon.colcon_core.package_identification:_identify(install) ignored
[0.179s] Level 1:colcon.colcon_core.package_identification:_identify(log) by extensions ['ignore', 'ignore_ament_install']
[0.179s] Level 1:colcon.colcon_core.package_identification:_identify(log) by extension 'ignore'
[0.179s] Level 1:colcon.colcon_core.package_identification:_identify(log) ignored
[0.179s] Level 1:colcon.colcon_core.package_identification:_identify(src) by extensions ['ignore', 'ignore_ament_install']
[0.180s] Level 1:colcon.colcon_core.package_identification:_identify(src) by extension 'ignore'
[0.180s] Level 1:colcon.colcon_core.package_identification:_identify(src) by extension 'ignore_ament_install'
[0.180s] Level 1:colcon.colcon_core.package_identification:_identify(src) by extensions ['colcon_pkg']
[0.180s] Level 1:colcon.colcon_core.package_identification:_identify(src) by extension 'colcon_pkg'
[0.180s] Level 1:colcon.colcon_core.package_identification:_identify(src) by extensions ['colcon_meta']
[0.180s] Level 1:colcon.colcon_core.package_identification:_identify(src) by extension 'colcon_meta'
[0.180s] Level 1:colcon.colcon_core.package_identification:_identify(src) by extensions ['ros']
[0.180s] Level 1:colcon.colcon_core.package_identification:_identify(src) by extension 'ros'
[0.180s] Level 1:colcon.colcon_core.package_identification:_identify(src) by extensions ['cmake', 'python']
[0.180s] Level 1:colcon.colcon_core.package_identification:_identify(src) by extension 'cmake'
[0.180s] Level 1:colcon.colcon_core.package_identification:_identify(src) by extension 'python'
[0.180s] Level 1:colcon.colcon_core.package_identification:_identify(src) by extensions ['python_setup_py']
[0.180s] Level 1:colcon.colcon_core.package_identification:_identify(src) by extension 'python_setup_py'
[0.180s] Level 1:colcon.colcon_core.package_identification:_identify(src/my_nav_nodes) by extensions ['ignore', 'ignore_ament_install']
[0.180s] Level 1:colcon.colcon_core.package_identification:_identify(src/my_nav_nodes) by extension 'ignore'
[0.180s] Level 1:colcon.colcon_core.package_identification:_identify(src/my_nav_nodes) by extension 'ignore_ament_install'
[0.180s] Level 1:colcon.colcon_core.package_identification:_identify(src/my_nav_nodes) by extensions ['colcon_pkg']
[0.180s] Level 1:colcon.colcon_core.package_identification:_identify(src/my_nav_nodes) by extension 'colcon_pkg'
[0.180s] Level 1:colcon.colcon_core.package_identification:_identify(src/my_nav_nodes) by extensions ['colcon_meta']
[0.180s] Level 1:colcon.colcon_core.package_identification:_identify(src/my_nav_nodes) by extension 'colcon_meta'
[0.180s] Level 1:colcon.colcon_core.package_identification:_identify(src/my_nav_nodes) by extensions ['ros']
[0.180s] Level 1:colcon.colcon_core.package_identification:_identify(src/my_nav_nodes) by extension 'ros'
[0.182s] DEBUG:colcon.colcon_core.package_identification:Package 'src/my_nav_nodes' with type 'ros.ament_cmake' and name 'my_nav_nodes'
[0.182s] Level 1:colcon.colcon_core.package_identification:_identify(src/turtlebot3_simulations) by extensions ['ignore', 'ignore_ament_install']
[0.182s] Level 1:colcon.colcon_core.package_identification:_identify(src/turtlebot3_simulations) by extension 'ignore'
[0.182s] Level 1:colcon.colcon_core.package_identification:_identify(src/turtlebot3_simulations) by extension 'ignore_ament_install'
[0.182s] Level 1:colcon.colcon_core.package_identification:_identify(src/turtlebot3_simulations) by extensions ['colcon_pkg']
[0.182s] Level 1:colcon.colcon_core.package_identification:_identify(src/turtlebot3_simulations) by extension 'colcon_pkg'
[0.182s] Level 1:colcon.colcon_core.package_identification:_identify(src/turtlebot3_simulations) by extensions ['colcon_meta']
[0.182s] Level 1:colcon.colcon_core.package_identification:_identify(src/turtlebot3_simulations) by extension 'colcon_meta'
[0.182s] Level 1:colcon.colcon_core.package_identification:_identify(src/turtlebot3_simulations) by extensions ['ros']
[0.182s] Level 1:colcon.colcon_core.package_identification:_identify(src/turtlebot3_simulations) by extension 'ros'
[0.182s] Level 1:colcon.colcon_core.package_identification:_identify(src/turtlebot3_simulations) by extensions ['cmake', 'python']
[0.182s] Level 1:colcon.colcon_core.package_identification:_identify(src/turtlebot3_simulations) by extension 'cmake'
[0.182s] Level 1:colcon.colcon_core.package_identification:_identify(src/turtlebot3_simulations) by extension 'python'
[0.182s] Level 1:colcon.colcon_core.package_identification:_identify(src/turtlebot3_simulations) by extensions ['python_setup_py']
[0.182s] Level 1:colcon.colcon_core.package_identification:_identify(src/turtlebot3_simulations) by extension 'python_setup_py'
[0.182s] Level 1:colcon.colcon_core.package_identification:_identify(src/turtlebot3_simulations/turtlebot3_fake_node) by extensions ['ignore', 'ignore_ament_install']
[0.182s] Level 1:colcon.colcon_core.package_identification:_identify(src/turtlebot3_simulations/turtlebot3_fake_node) by extension 'ignore'
[0.182s] Level 1:colcon.colcon_core.package_identification:_identify(src/turtlebot3_simulations/turtlebot3_fake_node) by extension 'ignore_ament_install'
[0.182s] Level 1:colcon.colcon_core.package_identification:_identify(src/turtlebot3_simulations/turtlebot3_fake_node) by extensions ['colcon_pkg']
[0.182s] Level 1:colcon.colcon_core.package_identification:_identify(src/turtlebot3_simulations/turtlebot3_fake_node) by extension 'colcon_pkg'
[0.182s] Level 1:colcon.colcon_core.package_identification:_identify(src/turtlebot3_simulations/turtlebot3_fake_node) by extensions ['colcon_meta']
[0.182s] Level 1:colcon.colcon_core.package_identification:_identify(src/turtlebot3_simulations/turtlebot3_fake_node) by extension 'colcon_meta'
[0.182s] Level 1:colcon.colcon_core.package_identification:_identify(src/turtlebot3_simulations/turtlebot3_fake_node) by extensions ['ros']
[0.182s] Level 1:colcon.colcon_core.package_identification:_identify(src/turtlebot3_simulations/turtlebot3_fake_node) by extension 'ros'
[0.183s] DEBUG:colcon.colcon_core.package_identification:Package 'src/turtlebot3_simulations/turtlebot3_fake_node' with type 'ros.ament_cmake' and name 'turtlebot3_fake_node'
[0.183s] Level 1:colcon.colcon_core.package_identification:_identify(src/turtlebot3_simulations/turtlebot3_gazebo) by extensions ['ignore', 'ignore_ament_install']
[0.183s] Level 1:colcon.colcon_core.package_identification:_identify(src/turtlebot3_simulations/turtlebot3_gazebo) by extension 'ignore'
[0.183s] Level 1:colcon.colcon_core.package_identification:_identify(src/turtlebot3_simulations/turtlebot3_gazebo) by extension 'ignore_ament_install'
[0.183s] Level 1:colcon.colcon_core.package_identification:_identify(src/turtlebot3_simulations/turtlebot3_gazebo) by extensions ['colcon_pkg']
[0.183s] Level 1:colcon.colcon_core.package_identification:_identify(src/turtlebot3_simulations/turtlebot3_gazebo) by extension 'colcon_pkg'
[0.183s] Level 1:colcon.colcon_core.package_identification:_identify(src/turtlebot3_simulations/turtlebot3_gazebo) by extensions ['colcon_meta']
[0.183s] Level 1:colcon.colcon_core.package_identification:_identify(src/turtlebot3_simulations/turtlebot3_gazebo) by extension 'colcon_meta'
[0.183s] Level 1:colcon.colcon_core.package_identification:_identify(src/turtlebot3_simulations/turtlebot3_gazebo) by extensions ['ros']
[0.183s] Level 1:colcon.colcon_core.package_identification:_identify(src/turtlebot3_simulations/turtlebot3_gazebo) by extension 'ros'
[0.183s] DEBUG:colcon.colcon_core.package_identification:Package 'src/turtlebot3_simulations/turtlebot3_gazebo' with type 'ros.ament_cmake' and name 'turtlebot3_gazebo'
[0.183s] Level 1:colcon.colcon_core.package_identification:_identify(src/turtlebot3_simulations/turtlebot3_simulations) by extensions ['ignore', 'ignore_ament_install']
[0.183s] Level 1:colcon.colcon_core.package_identification:_identify(src/turtlebot3_simulations/turtlebot3_simulations) by extension 'ignore'
[0.183s] Level 1:colcon.colcon_core.package_identification:_identify(src/turtlebot3_simulations/turtlebot3_simulations) by extension 'ignore_ament_install'
[0.183s] Level 1:colcon.colcon_core.package_identification:_identify(src/turtlebot3_simulations/turtlebot3_simulations) by extensions ['colcon_pkg']
[0.183s] Level 1:colcon.colcon_core.package_identification:_identify(src/turtlebot3_simulations/turtlebot3_simulations) by extension 'colcon_pkg'
[0.183s] Level 1:colcon.colcon_core.package_identification:_identify(src/turtlebot3_simulations/turtlebot3_simulations) by extensions ['colcon_meta']
[0.183s] Level 1:colcon.colcon_core.package_identification:_identify(src/turtlebot3_simulations/turtlebot3_simulations) by extension 'colcon_meta'
[0.183s] Level 1:colcon.colcon_core.package_identification:_identify(src/turtlebot3_simulations/turtlebot3_simulations) by extensions ['ros']
[0.183s] Level 1:colcon.colcon_core.package_identification:_identify(src/turtlebot3_simulations/turtlebot3_simulations) by extension 'ros'
[0.184s] DEBUG:colcon.colcon_core.package_identification:Package 'src/turtlebot3_simulations/turtlebot3_simulations' with type 'ros.ament_cmake' and name 'turtlebot3_simulations'
[0.184s] Level 1:colcon.colcon_core.package_discovery:discover_packages(recursive) using defaults
[0.184s] Level 1:colcon.colcon_core.package_discovery:discover_packages(ignore) discover
[0.184s] Level 1:colcon.colcon_core.package_discovery:discover_packages(ignore) using defaults
[0.184s] Level 1:colcon.colcon_core.package_discovery:discover_packages(path) discover
[0.184s] Level 1:colcon.colcon_core.package_discovery:discover_packages(path) using defaults
[0.203s] Level 5:colcon.colcon_core.verb:set package 'my_nav_nodes' build argument 'cmake_args' from command line to 'None'
[0.203s] Level 5:colcon.colcon_core.verb:set package 'my_nav_nodes' build argument 'cmake_target' from command line to 'None'
[0.203s] Level 5:colcon.colcon_core.verb:set package 'my_nav_nodes' build argument 'cmake_target_skip_unavailable' from command line to 'False'
[0.203s] Level 5:colcon.colcon_core.verb:set package 'my_nav_nodes' build argument 'cmake_clean_cache' from command line to 'False'
[0.203s] Level 5:colcon.colcon_core.verb:set package 'my_nav_nodes' build argument 'cmake_clean_first' from command line to 'False'
[0.203s] Level 5:colcon.colcon_core.verb:set package 'my_nav_nodes' build argument 'cmake_force_configure' from command line to 'False'
[0.203s] Level 5:colcon.colcon_core.verb:set package 'my_nav_nodes' build argument 'ament_cmake_args' from command line to 'None'
[0.203s] Level 5:colcon.colcon_core.verb:set package 'my_nav_nodes' build argument 'catkin_cmake_args' from command line to 'None'
[0.203s] Level 5:colcon.colcon_core.verb:set package 'my_nav_nodes' build argument 'catkin_skip_building_tests' from command line to 'False'
[0.203s] DEBUG:colcon.colcon_core.verb:Building package 'my_nav_nodes' with the following arguments: {'ament_cmake_args': None, 'build_base': '/root/turtlebot3_ws/build/my_nav_nodes', 'catkin_cmake_args': None, 'catkin_skip_building_tests': False, 'cmake_args': None, 'cmake_clean_cache': False, 'cmake_clean_first': False, 'cmake_force_configure': False, 'cmake_target': None, 'cmake_target_skip_unavailable': False, 'install_base': '/root/turtlebot3_ws/install/my_nav_nodes', 'merge_install': False, 'path': '/root/turtlebot3_ws/src/my_nav_nodes', 'symlink_install': True, 'test_result_base': None}
[0.203s] Level 5:colcon.colcon_core.verb:set package 'turtlebot3_fake_node' build argument 'cmake_args' from command line to 'None'
[0.203s] Level 5:colcon.colcon_core.verb:set package 'turtlebot3_fake_node' build argument 'cmake_target' from command line to 'None'
[0.203s] Level 5:colcon.colcon_core.verb:set package 'turtlebot3_fake_node' build argument 'cmake_target_skip_unavailable' from command line to 'False'
[0.203s] Level 5:colcon.colcon_core.verb:set package 'turtlebot3_fake_node' build argument 'cmake_clean_cache' from command line to 'False'
[0.203s] Level 5:colcon.colcon_core.verb:set package 'turtlebot3_fake_node' build argument 'cmake_clean_first' from command line to 'False'
[0.203s] Level 5:colcon.colcon_core.verb:set package 'turtlebot3_fake_node' build argument 'cmake_force_configure' from command line to 'False'
[0.203s] Level 5:colcon.colcon_core.verb:set package 'turtlebot3_fake_node' build argument 'ament_cmake_args' from command line to 'None'
[0.203s] Level 5:colcon.colcon_core.verb:set package 'turtlebot3_fake_node' build argument 'catkin_cmake_args' from command line to 'None'
[0.203s] Level 5:colcon.colcon_core.verb:set package 'turtlebot3_fake_node' build argument 'catkin_skip_building_tests' from command line to 'False'
[0.203s] DEBUG:colcon.colcon_core.verb:Building package 'turtlebot3_fake_node' with the following arguments: {'ament_cmake_args': None, 'build_base': '/root/turtlebot3_ws/build/turtlebot3_fake_node', 'catkin_cmake_args': None, 'catkin_skip_building_tests': False, 'cmake_args': None, 'cmake_clean_cache': False, 'cmake_clean_first': False, 'cmake_force_configure': False, 'cmake_target': None, 'cmake_target_skip_unavailable': False, 'install_base': '/root/turtlebot3_ws/install/turtlebot3_fake_node', 'merge_install': False, 'path': '/root/turtlebot3_ws/src/turtlebot3_simulations/turtlebot3_fake_node', 'symlink_install': True, 'test_result_base': None}
[0.203s] Level 5:colcon.colcon_core.verb:set package 'turtlebot3_gazebo' build argument 'cmake_args' from command line to 'None'
[0.203s] Level 5:colcon.colcon_core.verb:set package 'turtlebot3_gazebo' build argument 'cmake_target' from command line to 'None'
[0.203s] Level 5:colcon.colcon_core.verb:set package 'turtlebot3_gazebo' build argument 'cmake_target_skip_unavailable' from command line to 'False'
[0.203s] Level 5:colcon.colcon_core.verb:set package 'turtlebot3_gazebo' build argument 'cmake_clean_cache' from command line to 'False'
[0.203s] Level 5:colcon.colcon_core.verb:set package 'turtlebot3_gazebo' build argument 'cmake_clean_first' from command line to 'False'
[0.203s] Level 5:colcon.colcon_core.verb:set package 'turtlebot3_gazebo' build argument 'cmake_force_configure' from command line to 'False'
[0.203s] Level 5:colcon.colcon_core.verb:set package 'turtlebot3_gazebo' build argument 'ament_cmake_args' from command line to 'None'
[0.203s] Level 5:colcon.colcon_core.verb:set package 'turtlebot3_gazebo' build argument 'catkin_cmake_args' from command line to 'None'
[0.203s] Level 5:colcon.colcon_core.verb:set package 'turtlebot3_gazebo' build argument 'catkin_skip_building_tests' from command line to 'False'
[0.203s] DEBUG:colcon.colcon_core.verb:Building package 'turtlebot3_gazebo' with the following arguments: {'ament_cmake_args': None, 'build_base': '/root/turtlebot3_ws/build/turtlebot3_gazebo', 'catkin_cmake_args': None, 'catkin_skip_building_tests': False, 'cmake_args': None, 'cmake_clean_cache': False, 'cmake_clean_first': False, 'cmake_force_configure': False, 'cmake_target': None, 'cmake_target_skip_unavailable': False, 'install_base': '/root/turtlebot3_ws/install/turtlebot3_gazebo', 'merge_install': False, 'path': '/root/turtlebot3_ws/src/turtlebot3_simulations/turtlebot3_gazebo', 'symlink_install': True, 'test_result_base': None}
[0.203s] Level 5:colcon.colcon_core.verb:set package 'turtlebot3_simulations' build argument 'cmake_args' from command line to 'None'
[0.203s] Level 5:colcon.colcon_core.verb:set package 'turtlebot3_simulations' build argument 'cmake_target' from command line to 'None'
[0.203s] Level 5:colcon.colcon_core.verb:set package 'turtlebot3_simulations' build argument 'cmake_target_skip_unavailable' from command line to 'False'
[0.203s] Level 5:colcon.colcon_core.verb:set package 'turtlebot3_simulations' build argument 'cmake_clean_cache' from command line to 'False'
[0.203s] Level 5:colcon.colcon_core.verb:set package 'turtlebot3_simulations' build argument 'cmake_clean_first' from command line to 'False'
[0.203s] Level 5:colcon.colcon_core.verb:set package 'turtlebot3_simulations' build argument 'cmake_force_configure' from command line to 'False'
[0.203s] Level 5:colcon.colcon_core.verb:set package 'turtlebot3_simulations' build argument 'ament_cmake_args' from command line to 'None'
[0.203s] Level 5:colcon.colcon_core.verb:set package 'turtlebot3_simulations' build argument 'catkin_cmake_args' from command line to 'None'
[0.203s] Level 5:colcon.colcon_core.verb:set package 'turtlebot3_simulations' build argument 'catkin_skip_building_tests' from command line to 'False'
[0.203s] DEBUG:colcon.colcon_core.verb:Building package 'turtlebot3_simulations' with the following arguments: {'ament_cmake_args': None, 'build_base': '/root/turtlebot3_ws/build/turtlebot3_simulations', 'catkin_cmake_args': None, 'catkin_skip_building_tests': False, 'cmake_args': None, 'cmake_clean_cache': False, 'cmake_clean_first': False, 'cmake_force_configure': False, 'cmake_target': None, 'cmake_target_skip_unavailable': False, 'install_base': '/root/turtlebot3_ws/install/turtlebot3_simulations', 'merge_install': False, 'path': '/root/turtlebot3_ws/src/turtlebot3_simulations/turtlebot3_simulations', 'symlink_install': True, 'test_result_base': None}
[0.203s] INFO:colcon.colcon_core.executor:Executing jobs using 'parallel' executor
[0.204s] DEBUG:colcon.colcon_parallel_executor.executor.parallel:run_until_complete
[0.204s] INFO:colcon.colcon_ros.task.ament_cmake.build:Building ROS package in '/root/turtlebot3_ws/src/turtlebot3_simulations/turtlebot3_fake_node' with build type 'ament_cmake'
[0.204s] INFO:colcon.colcon_cmake.task.cmake.build:Building CMake package in '/root/turtlebot3_ws/src/turtlebot3_simulations/turtlebot3_fake_node'
[0.206s] INFO:colcon.colcon_core.plugin_system:Skipping extension 'colcon_core.shell.bat': Not used on non-Windows systems
[0.206s] INFO:colcon.colcon_core.shell:Skip shell extension 'powershell' for command environment: Not usable outside of PowerShell
[0.206s] DEBUG:colcon.colcon_core.shell:Skip shell extension 'dsv' for command environment
[0.210s] INFO:colcon.colcon_ros.task.ament_cmake.build:Building ROS package in '/root/turtlebot3_ws/src/turtlebot3_simulations/turtlebot3_gazebo' with build type 'ament_cmake'
[0.210s] INFO:colcon.colcon_cmake.task.cmake.build:Building CMake package in '/root/turtlebot3_ws/src/turtlebot3_simulations/turtlebot3_gazebo'
[0.210s] INFO:colcon.colcon_core.shell:Skip shell extension 'powershell' for command environment: Not usable outside of PowerShell
[0.210s] DEBUG:colcon.colcon_core.shell:Skip shell extension 'dsv' for command environment
[0.211s] INFO:colcon.colcon_ros.task.ament_cmake.build:Building ROS package in '/root/turtlebot3_ws/src/my_nav_nodes' with build type 'ament_cmake'
[0.211s] INFO:colcon.colcon_cmake.task.cmake.build:Building CMake package in '/root/turtlebot3_ws/src/my_nav_nodes'
[0.211s] INFO:colcon.colcon_core.shell:Skip shell extension 'powershell' for command environment: Not usable outside of PowerShell
[0.211s] DEBUG:colcon.colcon_core.shell:Skip shell extension 'dsv' for command environment
[0.214s] DEBUG:colcon.colcon_core.event_handler.log_command:Invoking command in '/root/turtlebot3_ws/build/turtlebot3_fake_node': CMAKE_PREFIX_PATH=${CMAKE_PREFIX_PATH}:/opt/ros/jazzy /usr/bin/cmake /root/turtlebot3_ws/src/turtlebot3_simulations/turtlebot3_fake_node -DAMENT_CMAKE_SYMLINK_INSTALL=1 -DCMAKE_INSTALL_PREFIX=/root/turtlebot3_ws/install/turtlebot3_fake_node
[0.215s] DEBUG:colcon.colcon_core.event_handler.log_command:Invoking command in '/root/turtlebot3_ws/build/turtlebot3_gazebo': CMAKE_PREFIX_PATH=${CMAKE_PREFIX_PATH}:/opt/ros/jazzy /usr/bin/cmake /root/turtlebot3_ws/src/turtlebot3_simulations/turtlebot3_gazebo -DAMENT_CMAKE_SYMLINK_INSTALL=1 -DCMAKE_INSTALL_PREFIX=/root/turtlebot3_ws/install/turtlebot3_gazebo
[0.215s] DEBUG:colcon.colcon_core.event_handler.log_command:Invoking command in '/root/turtlebot3_ws/build/my_nav_nodes': CMAKE_PREFIX_PATH=${CMAKE_PREFIX_PATH}:/opt/ros/jazzy /usr/bin/cmake /root/turtlebot3_ws/src/my_nav_nodes -DAMENT_CMAKE_SYMLINK_INSTALL=1 -DCMAKE_INSTALL_PREFIX=/root/turtlebot3_ws/install/my_nav_nodes
[1.209s] DEBUG:colcon.colcon_core.event_handler.log_command:Invoked command in '/root/turtlebot3_ws/build/my_nav_nodes' returned '0': CMAKE_PREFIX_PATH=${CMAKE_PREFIX_PATH}:/opt/ros/jazzy /usr/bin/cmake /root/turtlebot3_ws/src/my_nav_nodes -DAMENT_CMAKE_SYMLINK_INSTALL=1 -DCMAKE_INSTALL_PREFIX=/root/turtlebot3_ws/install/my_nav_nodes
[1.209s] DEBUG:colcon.colcon_core.event_handler.log_command:Invoking command in '/root/turtlebot3_ws/build/my_nav_nodes': CMAKE_PREFIX_PATH=${CMAKE_PREFIX_PATH}:/opt/ros/jazzy /usr/bin/cmake --build /root/turtlebot3_ws/build/my_nav_nodes -- -j32 -l32
[1.365s] DEBUG:colcon.colcon_core.event_handler.log_command:Invoked command in '/root/turtlebot3_ws/build/turtlebot3_fake_node' returned '0': CMAKE_PREFIX_PATH=${CMAKE_PREFIX_PATH}:/opt/ros/jazzy /usr/bin/cmake /root/turtlebot3_ws/src/turtlebot3_simulations/turtlebot3_fake_node -DAMENT_CMAKE_SYMLINK_INSTALL=1 -DCMAKE_INSTALL_PREFIX=/root/turtlebot3_ws/install/turtlebot3_fake_node
[1.366s] DEBUG:colcon.colcon_core.event_handler.log_command:Invoking command in '/root/turtlebot3_ws/build/turtlebot3_fake_node': CMAKE_PREFIX_PATH=${CMAKE_PREFIX_PATH}:/opt/ros/jazzy /usr/bin/cmake --build /root/turtlebot3_ws/build/turtlebot3_fake_node -- -j32 -l32
[7.368s] DEBUG:colcon.colcon_core.event_handler.log_command:Invoked command in '/root/turtlebot3_ws/build/turtlebot3_gazebo' returned '0': CMAKE_PREFIX_PATH=${CMAKE_PREFIX_PATH}:/opt/ros/jazzy /usr/bin/cmake /root/turtlebot3_ws/src/turtlebot3_simulations/turtlebot3_gazebo -DAMENT_CMAKE_SYMLINK_INSTALL=1 -DCMAKE_INSTALL_PREFIX=/root/turtlebot3_ws/install/turtlebot3_gazebo
[7.369s] DEBUG:colcon.colcon_core.event_handler.log_command:Invoking command in '/root/turtlebot3_ws/build/turtlebot3_gazebo': CMAKE_PREFIX_PATH=${CMAKE_PREFIX_PATH}:/opt/ros/jazzy /usr/bin/cmake --build /root/turtlebot3_ws/build/turtlebot3_gazebo -- -j32 -l32
[8.477s] DEBUG:colcon.colcon_core.event_handler.log_command:Invoked command in '/root/turtlebot3_ws/build/my_nav_nodes' returned '0': CMAKE_PREFIX_PATH=${CMAKE_PREFIX_PATH}:/opt/ros/jazzy /usr/bin/cmake --build /root/turtlebot3_ws/build/my_nav_nodes -- -j32 -l32
[8.491s] DEBUG:colcon.colcon_core.event_handler.log_command:Invoking command in '/root/turtlebot3_ws/build/my_nav_nodes': CMAKE_PREFIX_PATH=${CMAKE_PREFIX_PATH}:/opt/ros/jazzy /usr/bin/cmake --install /root/turtlebot3_ws/build/my_nav_nodes
[8.623s] Level 1:colcon.colcon_core.environment:create_environment_scripts_only(my_nav_nodes)
[8.626s] DEBUG:colcon.colcon_core.event_handler.log_command:Invoked command in '/root/turtlebot3_ws/build/my_nav_nodes' returned '0': CMAKE_PREFIX_PATH=${CMAKE_PREFIX_PATH}:/opt/ros/jazzy /usr/bin/cmake --install /root/turtlebot3_ws/build/my_nav_nodes
[8.633s] Level 1:colcon.colcon_core.environment:checking '/root/turtlebot3_ws/install/my_nav_nodes' for CMake module files
[8.634s] Level 1:colcon.colcon_core.environment:checking '/root/turtlebot3_ws/install/my_nav_nodes' for CMake config files
[8.634s] Level 1:colcon.colcon_core.shell:create_environment_hook('my_nav_nodes', 'cmake_prefix_path')
[8.634s] INFO:colcon.colcon_core.shell:Creating environment hook '/root/turtlebot3_ws/install/my_nav_nodes/share/my_nav_nodes/hook/cmake_prefix_path.ps1'
[8.636s] INFO:colcon.colcon_core.shell:Creating environment descriptor '/root/turtlebot3_ws/install/my_nav_nodes/share/my_nav_nodes/hook/cmake_prefix_path.dsv'
[8.637s] INFO:colcon.colcon_core.shell:Creating environment hook '/root/turtlebot3_ws/install/my_nav_nodes/share/my_nav_nodes/hook/cmake_prefix_path.sh'
[8.638s] Level 1:colcon.colcon_core.environment:checking '/root/turtlebot3_ws/install/my_nav_nodes/lib'
[8.638s] Level 1:colcon.colcon_core.environment:checking '/root/turtlebot3_ws/install/my_nav_nodes/bin'
[8.638s] Level 1:colcon.colcon_core.environment:checking '/root/turtlebot3_ws/install/my_nav_nodes/lib/pkgconfig/my_nav_nodes.pc'
[8.644s] Level 1:colcon.colcon_core.environment:checking '/root/turtlebot3_ws/install/my_nav_nodes/lib/python3.12/site-packages'
[8.644s] Level 1:colcon.colcon_core.environment:checking '/root/turtlebot3_ws/install/my_nav_nodes/bin'
[8.644s] INFO:colcon.colcon_core.shell:Creating package script '/root/turtlebot3_ws/install/my_nav_nodes/share/my_nav_nodes/package.ps1'
[8.645s] INFO:colcon.colcon_core.shell:Creating package descriptor '/root/turtlebot3_ws/install/my_nav_nodes/share/my_nav_nodes/package.dsv'
[8.646s] INFO:colcon.colcon_core.shell:Creating package script '/root/turtlebot3_ws/install/my_nav_nodes/share/my_nav_nodes/package.sh'
[8.646s] INFO:colcon.colcon_core.shell:Creating package script '/root/turtlebot3_ws/install/my_nav_nodes/share/my_nav_nodes/package.bash'
[8.647s] INFO:colcon.colcon_core.shell:Creating package script '/root/turtlebot3_ws/install/my_nav_nodes/share/my_nav_nodes/package.zsh'
[8.648s] Level 1:colcon.colcon_core.environment:create_file_with_runtime_dependencies(/root/turtlebot3_ws/install/my_nav_nodes/share/colcon-core/packages/my_nav_nodes)
[8.649s] Level 1:colcon.colcon_core.environment:create_environment_scripts_only(my_nav_nodes)
[8.649s] Level 1:colcon.colcon_core.environment:checking '/root/turtlebot3_ws/install/my_nav_nodes' for CMake module files
[8.649s] Level 1:colcon.colcon_core.environment:checking '/root/turtlebot3_ws/install/my_nav_nodes' for CMake config files
[8.649s] Level 1:colcon.colcon_core.shell:create_environment_hook('my_nav_nodes', 'cmake_prefix_path')
[8.649s] INFO:colcon.colcon_core.shell:Creating environment hook '/root/turtlebot3_ws/install/my_nav_nodes/share/my_nav_nodes/hook/cmake_prefix_path.ps1'
[8.649s] INFO:colcon.colcon_core.shell:Creating environment descriptor '/root/turtlebot3_ws/install/my_nav_nodes/share/my_nav_nodes/hook/cmake_prefix_path.dsv'
[8.650s] INFO:colcon.colcon_core.shell:Creating environment hook '/root/turtlebot3_ws/install/my_nav_nodes/share/my_nav_nodes/hook/cmake_prefix_path.sh'
[8.650s] Level 1:colcon.colcon_core.environment:checking '/root/turtlebot3_ws/install/my_nav_nodes/lib'
[8.650s] Level 1:colcon.colcon_core.environment:checking '/root/turtlebot3_ws/install/my_nav_nodes/bin'
[8.650s] Level 1:colcon.colcon_core.environment:checking '/root/turtlebot3_ws/install/my_nav_nodes/lib/pkgconfig/my_nav_nodes.pc'
[8.650s] Level 1:colcon.colcon_core.environment:checking '/root/turtlebot3_ws/install/my_nav_nodes/lib/python3.12/site-packages'
[8.650s] Level 1:colcon.colcon_core.environment:checking '/root/turtlebot3_ws/install/my_nav_nodes/bin'
[8.651s] INFO:colcon.colcon_core.shell:Creating package script '/root/turtlebot3_ws/install/my_nav_nodes/share/my_nav_nodes/package.ps1'
[8.651s] INFO:colcon.colcon_core.shell:Creating package descriptor '/root/turtlebot3_ws/install/my_nav_nodes/share/my_nav_nodes/package.dsv'
[8.660s] INFO:colcon.colcon_core.shell:Creating package script '/root/turtlebot3_ws/install/my_nav_nodes/share/my_nav_nodes/package.sh'
[8.660s] INFO:colcon.colcon_core.shell:Creating package script '/root/turtlebot3_ws/install/my_nav_nodes/share/my_nav_nodes/package.bash'
[8.660s] INFO:colcon.colcon_core.shell:Creating package script '/root/turtlebot3_ws/install/my_nav_nodes/share/my_nav_nodes/package.zsh'
[8.660s] Level 1:colcon.colcon_core.environment:create_file_with_runtime_dependencies(/root/turtlebot3_ws/install/my_nav_nodes/share/colcon-core/packages/my_nav_nodes)
[9.501s] DEBUG:colcon.colcon_core.event_handler.log_command:Invoked command in '/root/turtlebot3_ws/build/turtlebot3_fake_node' returned '0': CMAKE_PREFIX_PATH=${CMAKE_PREFIX_PATH}:/opt/ros/jazzy /usr/bin/cmake --build /root/turtlebot3_ws/build/turtlebot3_fake_node -- -j32 -l32
[9.502s] DEBUG:colcon.colcon_core.event_handler.log_command:Invoking command in '/root/turtlebot3_ws/build/turtlebot3_fake_node': CMAKE_PREFIX_PATH=${CMAKE_PREFIX_PATH}:/opt/ros/jazzy /usr/bin/cmake --install /root/turtlebot3_ws/build/turtlebot3_fake_node
[9.664s] Level 1:colcon.colcon_core.environment:create_environment_scripts_only(turtlebot3_fake_node)
[9.665s] DEBUG:colcon.colcon_core.event_handler.log_command:Invoked command in '/root/turtlebot3_ws/build/turtlebot3_fake_node' returned '0': CMAKE_PREFIX_PATH=${CMAKE_PREFIX_PATH}:/opt/ros/jazzy /usr/bin/cmake --install /root/turtlebot3_ws/build/turtlebot3_fake_node
[9.665s] Level 1:colcon.colcon_core.environment:checking '/root/turtlebot3_ws/install/turtlebot3_fake_node' for CMake module files
[9.670s] Level 1:colcon.colcon_core.environment:checking '/root/turtlebot3_ws/install/turtlebot3_fake_node' for CMake config files
[9.670s] Level 1:colcon.colcon_core.shell:create_environment_hook('turtlebot3_fake_node', 'cmake_prefix_path')
[9.671s] INFO:colcon.colcon_core.shell:Creating environment hook '/root/turtlebot3_ws/install/turtlebot3_fake_node/share/turtlebot3_fake_node/hook/cmake_prefix_path.ps1'
[9.671s] INFO:colcon.colcon_core.shell:Creating environment descriptor '/root/turtlebot3_ws/install/turtlebot3_fake_node/share/turtlebot3_fake_node/hook/cmake_prefix_path.dsv'
[9.671s] INFO:colcon.colcon_core.shell:Creating environment hook '/root/turtlebot3_ws/install/turtlebot3_fake_node/share/turtlebot3_fake_node/hook/cmake_prefix_path.sh'
[9.672s] Level 1:colcon.colcon_core.environment:checking '/root/turtlebot3_ws/install/turtlebot3_fake_node/lib'
[9.672s] Level 1:colcon.colcon_core.environment:checking '/root/turtlebot3_ws/install/turtlebot3_fake_node/bin'
[9.672s] Level 1:colcon.colcon_core.environment:checking '/root/turtlebot3_ws/install/turtlebot3_fake_node/lib/pkgconfig/turtlebot3_fake_node.pc'
[9.672s] Level 1:colcon.colcon_core.environment:checking '/root/turtlebot3_ws/install/turtlebot3_fake_node/lib/python3.12/site-packages'
[9.673s] Level 1:colcon.colcon_core.environment:checking '/root/turtlebot3_ws/install/turtlebot3_fake_node/bin'
[9.673s] INFO:colcon.colcon_core.shell:Creating package script '/root/turtlebot3_ws/install/turtlebot3_fake_node/share/turtlebot3_fake_node/package.ps1'
[9.673s] INFO:colcon.colcon_core.shell:Creating package descriptor '/root/turtlebot3_ws/install/turtlebot3_fake_node/share/turtlebot3_fake_node/package.dsv'
[9.674s] INFO:colcon.colcon_core.shell:Creating package script '/root/turtlebot3_ws/install/turtlebot3_fake_node/share/turtlebot3_fake_node/package.sh'
[9.674s] INFO:colcon.colcon_core.shell:Creating package script '/root/turtlebot3_ws/install/turtlebot3_fake_node/share/turtlebot3_fake_node/package.bash'
[9.675s] INFO:colcon.colcon_core.shell:Creating package script '/root/turtlebot3_ws/install/turtlebot3_fake_node/share/turtlebot3_fake_node/package.zsh'
[9.675s] Level 1:colcon.colcon_core.environment:create_file_with_runtime_dependencies(/root/turtlebot3_ws/install/turtlebot3_fake_node/share/colcon-core/packages/turtlebot3_fake_node)
[9.676s] Level 1:colcon.colcon_core.environment:create_environment_scripts_only(turtlebot3_fake_node)
[9.676s] Level 1:colcon.colcon_core.environment:checking '/root/turtlebot3_ws/install/turtlebot3_fake_node' for CMake module files
[9.676s] Level 1:colcon.colcon_core.environment:checking '/root/turtlebot3_ws/install/turtlebot3_fake_node' for CMake config files
[9.676s] Level 1:colcon.colcon_core.shell:create_environment_hook('turtlebot3_fake_node', 'cmake_prefix_path')
[9.676s] INFO:colcon.colcon_core.shell:Creating environment hook '/root/turtlebot3_ws/install/turtlebot3_fake_node/share/turtlebot3_fake_node/hook/cmake_prefix_path.ps1'
[9.677s] INFO:colcon.colcon_core.shell:Creating environment descriptor '/root/turtlebot3_ws/install/turtlebot3_fake_node/share/turtlebot3_fake_node/hook/cmake_prefix_path.dsv'
[9.677s] INFO:colcon.colcon_core.shell:Creating environment hook '/root/turtlebot3_ws/install/turtlebot3_fake_node/share/turtlebot3_fake_node/hook/cmake_prefix_path.sh'
[9.677s] Level 1:colcon.colcon_core.environment:checking '/root/turtlebot3_ws/install/turtlebot3_fake_node/lib'
[9.677s] Level 1:colcon.colcon_core.environment:checking '/root/turtlebot3_ws/install/turtlebot3_fake_node/bin'
[9.677s] Level 1:colcon.colcon_core.environment:checking '/root/turtlebot3_ws/install/turtlebot3_fake_node/lib/pkgconfig/turtlebot3_fake_node.pc'
[9.677s] Level 1:colcon.colcon_core.environment:checking '/root/turtlebot3_ws/install/turtlebot3_fake_node/lib/python3.12/site-packages'
[9.677s] Level 1:colcon.colcon_core.environment:checking '/root/turtlebot3_ws/install/turtlebot3_fake_node/bin'
[9.678s] INFO:colcon.colcon_core.shell:Creating package script '/root/turtlebot3_ws/install/turtlebot3_fake_node/share/turtlebot3_fake_node/package.ps1'
[9.678s] INFO:colcon.colcon_core.shell:Creating package descriptor '/root/turtlebot3_ws/install/turtlebot3_fake_node/share/turtlebot3_fake_node/package.dsv'
[9.678s] INFO:colcon.colcon_core.shell:Creating package script '/root/turtlebot3_ws/install/turtlebot3_fake_node/share/turtlebot3_fake_node/package.sh'
[9.678s] INFO:colcon.colcon_core.shell:Creating package script '/root/turtlebot3_ws/install/turtlebot3_fake_node/share/turtlebot3_fake_node/package.bash'
[9.678s] INFO:colcon.colcon_core.shell:Creating package script '/root/turtlebot3_ws/install/turtlebot3_fake_node/share/turtlebot3_fake_node/package.zsh'
[9.679s] Level 1:colcon.colcon_core.environment:create_file_with_runtime_dependencies(/root/turtlebot3_ws/install/turtlebot3_fake_node/share/colcon-core/packages/turtlebot3_fake_node)
[14.610s] DEBUG:colcon.colcon_core.event_handler.log_command:Invoked command in '/root/turtlebot3_ws/build/turtlebot3_gazebo' returned '0': CMAKE_PREFIX_PATH=${CMAKE_PREFIX_PATH}:/opt/ros/jazzy /usr/bin/cmake --build /root/turtlebot3_ws/build/turtlebot3_gazebo -- -j32 -l32
[14.611s] DEBUG:colcon.colcon_core.event_handler.log_command:Invoking command in '/root/turtlebot3_ws/build/turtlebot3_gazebo': CMAKE_PREFIX_PATH=${CMAKE_PREFIX_PATH}:/opt/ros/jazzy /usr/bin/cmake --install /root/turtlebot3_ws/build/turtlebot3_gazebo
[15.472s] Level 1:colcon.colcon_core.environment:create_environment_scripts_only(turtlebot3_gazebo)
[15.472s] Level 1:colcon.colcon_core.environment:checking '/root/turtlebot3_ws/install/turtlebot3_gazebo' for CMake module files
[15.473s] DEBUG:colcon.colcon_core.event_handler.log_command:Invoked command in '/root/turtlebot3_ws/build/turtlebot3_gazebo' returned '0': CMAKE_PREFIX_PATH=${CMAKE_PREFIX_PATH}:/opt/ros/jazzy /usr/bin/cmake --install /root/turtlebot3_ws/build/turtlebot3_gazebo
[15.473s] Level 1:colcon.colcon_core.environment:checking '/root/turtlebot3_ws/install/turtlebot3_gazebo' for CMake config files
[15.474s] Level 1:colcon.colcon_core.shell:create_environment_hook('turtlebot3_gazebo', 'cmake_prefix_path')
[15.474s] INFO:colcon.colcon_core.shell:Creating environment hook '/root/turtlebot3_ws/install/turtlebot3_gazebo/share/turtlebot3_gazebo/hook/cmake_prefix_path.ps1'
[15.474s] INFO:colcon.colcon_core.shell:Creating environment descriptor '/root/turtlebot3_ws/install/turtlebot3_gazebo/share/turtlebot3_gazebo/hook/cmake_prefix_path.dsv'
[15.474s] INFO:colcon.colcon_core.shell:Creating environment hook '/root/turtlebot3_ws/install/turtlebot3_gazebo/share/turtlebot3_gazebo/hook/cmake_prefix_path.sh'
[15.474s] Level 1:colcon.colcon_core.environment:checking '/root/turtlebot3_ws/install/turtlebot3_gazebo/lib'
[15.474s] Level 1:colcon.colcon_core.environment:checking '/root/turtlebot3_ws/install/turtlebot3_gazebo/bin'
[15.474s] Level 1:colcon.colcon_core.environment:checking '/root/turtlebot3_ws/install/turtlebot3_gazebo/lib/pkgconfig/turtlebot3_gazebo.pc'
[15.474s] Level 1:colcon.colcon_core.environment:checking '/root/turtlebot3_ws/install/turtlebot3_gazebo/lib/python3.12/site-packages'
[15.475s] Level 1:colcon.colcon_core.environment:checking '/root/turtlebot3_ws/install/turtlebot3_gazebo/bin'
[15.475s] INFO:colcon.colcon_core.shell:Creating package script '/root/turtlebot3_ws/install/turtlebot3_gazebo/share/turtlebot3_gazebo/package.ps1'
[15.475s] INFO:colcon.colcon_core.shell:Creating package descriptor '/root/turtlebot3_ws/install/turtlebot3_gazebo/share/turtlebot3_gazebo/package.dsv'
[15.475s] INFO:colcon.colcon_core.shell:Creating package script '/root/turtlebot3_ws/install/turtlebot3_gazebo/share/turtlebot3_gazebo/package.sh'
[15.475s] INFO:colcon.colcon_core.shell:Creating package script '/root/turtlebot3_ws/install/turtlebot3_gazebo/share/turtlebot3_gazebo/package.bash'
[15.475s] INFO:colcon.colcon_core.shell:Creating package script '/root/turtlebot3_ws/install/turtlebot3_gazebo/share/turtlebot3_gazebo/package.zsh'
[15.475s] Level 1:colcon.colcon_core.environment:create_file_with_runtime_dependencies(/root/turtlebot3_ws/install/turtlebot3_gazebo/share/colcon-core/packages/turtlebot3_gazebo)
[15.476s] Level 1:colcon.colcon_core.environment:create_environment_scripts_only(turtlebot3_gazebo)
[15.476s] Level 1:colcon.colcon_core.environment:checking '/root/turtlebot3_ws/install/turtlebot3_gazebo' for CMake module files
[15.476s] Level 1:colcon.colcon_core.environment:checking '/root/turtlebot3_ws/install/turtlebot3_gazebo' for CMake config files
[15.477s] Level 1:colcon.colcon_core.shell:create_environment_hook('turtlebot3_gazebo', 'cmake_prefix_path')
[15.477s] INFO:colcon.colcon_core.shell:Creating environment hook '/root/turtlebot3_ws/install/turtlebot3_gazebo/share/turtlebot3_gazebo/hook/cmake_prefix_path.ps1'
[15.477s] INFO:colcon.colcon_core.shell:Creating environment descriptor '/root/turtlebot3_ws/install/turtlebot3_gazebo/share/turtlebot3_gazebo/hook/cmake_prefix_path.dsv'
[15.477s] INFO:colcon.colcon_core.shell:Creating environment hook '/root/turtlebot3_ws/install/turtlebot3_gazebo/share/turtlebot3_gazebo/hook/cmake_prefix_path.sh'
[15.477s] Level 1:colcon.colcon_core.environment:checking '/root/turtlebot3_ws/install/turtlebot3_gazebo/lib'
[15.477s] Level 1:colcon.colcon_core.environment:checking '/root/turtlebot3_ws/install/turtlebot3_gazebo/bin'
[15.477s] Level 1:colcon.colcon_core.environment:checking '/root/turtlebot3_ws/install/turtlebot3_gazebo/lib/pkgconfig/turtlebot3_gazebo.pc'
[15.477s] Level 1:colcon.colcon_core.environment:checking '/root/turtlebot3_ws/install/turtlebot3_gazebo/lib/python3.12/site-packages'
[15.477s] Level 1:colcon.colcon_core.environment:checking '/root/turtlebot3_ws/install/turtlebot3_gazebo/bin'
[15.477s] INFO:colcon.colcon_core.shell:Creating package script '/root/turtlebot3_ws/install/turtlebot3_gazebo/share/turtlebot3_gazebo/package.ps1'
[15.478s] INFO:colcon.colcon_core.shell:Creating package descriptor '/root/turtlebot3_ws/install/turtlebot3_gazebo/share/turtlebot3_gazebo/package.dsv'
[15.478s] INFO:colcon.colcon_core.shell:Creating package script '/root/turtlebot3_ws/install/turtlebot3_gazebo/share/turtlebot3_gazebo/package.sh'
[15.478s] INFO:colcon.colcon_core.shell:Creating package script '/root/turtlebot3_ws/install/turtlebot3_gazebo/share/turtlebot3_gazebo/package.bash'
[15.478s] INFO:colcon.colcon_core.shell:Creating package script '/root/turtlebot3_ws/install/turtlebot3_gazebo/share/turtlebot3_gazebo/package.zsh'
[15.478s] Level 1:colcon.colcon_core.environment:create_file_with_runtime_dependencies(/root/turtlebot3_ws/install/turtlebot3_gazebo/share/colcon-core/packages/turtlebot3_gazebo)
[15.478s] INFO:colcon.colcon_ros.task.ament_cmake.build:Building ROS package in '/root/turtlebot3_ws/src/turtlebot3_simulations/turtlebot3_simulations' with build type 'ament_cmake'
[15.478s] INFO:colcon.colcon_cmake.task.cmake.build:Building CMake package in '/root/turtlebot3_ws/src/turtlebot3_simulations/turtlebot3_simulations'
[15.479s] INFO:colcon.colcon_core.shell:Skip shell extension 'powershell' for command environment: Not usable outside of PowerShell
[15.479s] DEBUG:colcon.colcon_core.shell:Skip shell extension 'dsv' for command environment
[15.508s] DEBUG:colcon.colcon_core.event_handler.log_command:Invoking command in '/root/turtlebot3_ws/build/turtlebot3_simulations': AMENT_PREFIX_PATH=/root/turtlebot3_ws/install/turtlebot3_gazebo:/root/turtlebot3_ws/install/turtlebot3_fake_node:${AMENT_PREFIX_PATH} CMAKE_PREFIX_PATH=/root/turtlebot3_ws/install/turtlebot3_gazebo:/root/turtlebot3_ws/install/turtlebot3_fake_node:/opt/ros/jazzy/opt/gz_sim_vendor:/opt/ros/jazzy/opt/gz_sensors_vendor:/opt/ros/jazzy/opt/gz_physics_vendor:/opt/ros/jazzy/opt/sdformat_vendor:/opt/ros/jazzy/opt/gz_gui_vendor:/opt/ros/jazzy/opt/gz_transport_vendor:/opt/ros/jazzy/opt/gz_rendering_vendor:/opt/ros/jazzy/opt/gz_plugin_vendor:/opt/ros/jazzy/opt/gz_fuel_tools_vendor:/opt/ros/jazzy/opt/gz_msgs_vendor:/opt/ros/jazzy/opt/gz_common_vendor:/opt/ros/jazzy/opt/gz_math_vendor:/opt/ros/jazzy/opt/gz_utils_vendor:/opt/ros/jazzy/opt/gz_tools_vendor:/opt/ros/jazzy/opt/gz_ogre_next_vendor:/opt/ros/jazzy/opt/gz_dartsim_vendor:/opt/ros/jazzy/opt/gz_cmake_vendor:/opt/ros/jazzy /usr/bin/cmake /root/turtlebot3_ws/src/turtlebot3_simulations/turtlebot3_simulations -DAMENT_CMAKE_SYMLINK_INSTALL=1 -DCMAKE_INSTALL_PREFIX=/root/turtlebot3_ws/install/turtlebot3_simulations
[16.524s] DEBUG:colcon.colcon_core.event_handler.log_command:Invoked command in '/root/turtlebot3_ws/build/turtlebot3_simulations' returned '0': AMENT_PREFIX_PATH=/root/turtlebot3_ws/install/turtlebot3_gazebo:/root/turtlebot3_ws/install/turtlebot3_fake_node:${AMENT_PREFIX_PATH} CMAKE_PREFIX_PATH=/root/turtlebot3_ws/install/turtlebot3_gazebo:/root/turtlebot3_ws/install/turtlebot3_fake_node:/opt/ros/jazzy/opt/gz_sim_vendor:/opt/ros/jazzy/opt/gz_sensors_vendor:/opt/ros/jazzy/opt/gz_physics_vendor:/opt/ros/jazzy/opt/sdformat_vendor:/opt/ros/jazzy/opt/gz_gui_vendor:/opt/ros/jazzy/opt/gz_transport_vendor:/opt/ros/jazzy/opt/gz_rendering_vendor:/opt/ros/jazzy/opt/gz_plugin_vendor:/opt/ros/jazzy/opt/gz_fuel_tools_vendor:/opt/ros/jazzy/opt/gz_msgs_vendor:/opt/ros/jazzy/opt/gz_common_vendor:/opt/ros/jazzy/opt/gz_math_vendor:/opt/ros/jazzy/opt/gz_utils_vendor:/opt/ros/jazzy/opt/gz_tools_vendor:/opt/ros/jazzy/opt/gz_ogre_next_vendor:/opt/ros/jazzy/opt/gz_dartsim_vendor:/opt/ros/jazzy/opt/gz_cmake_vendor:/opt/ros/jazzy /usr/bin/cmake /root/turtlebot3_ws/src/turtlebot3_simulations/turtlebot3_simulations -DAMENT_CMAKE_SYMLINK_INSTALL=1 -DCMAKE_INSTALL_PREFIX=/root/turtlebot3_ws/install/turtlebot3_simulations
[16.525s] DEBUG:colcon.colcon_core.event_handler.log_command:Invoking command in '/root/turtlebot3_ws/build/turtlebot3_simulations': AMENT_PREFIX_PATH=/root/turtlebot3_ws/install/turtlebot3_gazebo:/root/turtlebot3_ws/install/turtlebot3_fake_node:${AMENT_PREFIX_PATH} CMAKE_PREFIX_PATH=/root/turtlebot3_ws/install/turtlebot3_gazebo:/root/turtlebot3_ws/install/turtlebot3_fake_node:/opt/ros/jazzy/opt/gz_sim_vendor:/opt/ros/jazzy/opt/gz_sensors_vendor:/opt/ros/jazzy/opt/gz_physics_vendor:/opt/ros/jazzy/opt/sdformat_vendor:/opt/ros/jazzy/opt/gz_gui_vendor:/opt/ros/jazzy/opt/gz_transport_vendor:/opt/ros/jazzy/opt/gz_rendering_vendor:/opt/ros/jazzy/opt/gz_plugin_vendor:/opt/ros/jazzy/opt/gz_fuel_tools_vendor:/opt/ros/jazzy/opt/gz_msgs_vendor:/opt/ros/jazzy/opt/gz_common_vendor:/opt/ros/jazzy/opt/gz_math_vendor:/opt/ros/jazzy/opt/gz_utils_vendor:/opt/ros/jazzy/opt/gz_tools_vendor:/opt/ros/jazzy/opt/gz_ogre_next_vendor:/opt/ros/jazzy/opt/gz_dartsim_vendor:/opt/ros/jazzy/opt/gz_cmake_vendor:/opt/ros/jazzy /usr/bin/cmake --build /root/turtlebot3_ws/build/turtlebot3_simulations -- -j32 -l32
[16.551s] DEBUG:colcon.colcon_core.event_handler.log_command:Invoked command in '/root/turtlebot3_ws/build/turtlebot3_simulations' returned '0': AMENT_PREFIX_PATH=/root/turtlebot3_ws/install/turtlebot3_gazebo:/root/turtlebot3_ws/install/turtlebot3_fake_node:${AMENT_PREFIX_PATH} CMAKE_PREFIX_PATH=/root/turtlebot3_ws/install/turtlebot3_gazebo:/root/turtlebot3_ws/install/turtlebot3_fake_node:/opt/ros/jazzy/opt/gz_sim_vendor:/opt/ros/jazzy/opt/gz_sensors_vendor:/opt/ros/jazzy/opt/gz_physics_vendor:/opt/ros/jazzy/opt/sdformat_vendor:/opt/ros/jazzy/opt/gz_gui_vendor:/opt/ros/jazzy/opt/gz_transport_vendor:/opt/ros/jazzy/opt/gz_rendering_vendor:/opt/ros/jazzy/opt/gz_plugin_vendor:/opt/ros/jazzy/opt/gz_fuel_tools_vendor:/opt/ros/jazzy/opt/gz_msgs_vendor:/opt/ros/jazzy/opt/gz_common_vendor:/opt/ros/jazzy/opt/gz_math_vendor:/opt/ros/jazzy/opt/gz_utils_vendor:/opt/ros/jazzy/opt/gz_tools_vendor:/opt/ros/jazzy/opt/gz_ogre_next_vendor:/opt/ros/jazzy/opt/gz_dartsim_vendor:/opt/ros/jazzy/opt/gz_cmake_vendor:/opt/ros/jazzy /usr/bin/cmake --build /root/turtlebot3_ws/build/turtlebot3_simulations -- -j32 -l32
[16.552s] DEBUG:colcon.colcon_core.event_handler.log_command:Invoking command in '/root/turtlebot3_ws/build/turtlebot3_simulations': AMENT_PREFIX_PATH=/root/turtlebot3_ws/install/turtlebot3_gazebo:/root/turtlebot3_ws/install/turtlebot3_fake_node:${AMENT_PREFIX_PATH} CMAKE_PREFIX_PATH=/root/turtlebot3_ws/install/turtlebot3_gazebo:/root/turtlebot3_ws/install/turtlebot3_fake_node:/opt/ros/jazzy/opt/gz_sim_vendor:/opt/ros/jazzy/opt/gz_sensors_vendor:/opt/ros/jazzy/opt/gz_physics_vendor:/opt/ros/jazzy/opt/sdformat_vendor:/opt/ros/jazzy/opt/gz_gui_vendor:/opt/ros/jazzy/opt/gz_transport_vendor:/opt/ros/jazzy/opt/gz_rendering_vendor:/opt/ros/jazzy/opt/gz_plugin_vendor:/opt/ros/jazzy/opt/gz_fuel_tools_vendor:/opt/ros/jazzy/opt/gz_msgs_vendor:/opt/ros/jazzy/opt/gz_common_vendor:/opt/ros/jazzy/opt/gz_math_vendor:/opt/ros/jazzy/opt/gz_utils_vendor:/opt/ros/jazzy/opt/gz_tools_vendor:/opt/ros/jazzy/opt/gz_ogre_next_vendor:/opt/ros/jazzy/opt/gz_dartsim_vendor:/opt/ros/jazzy/opt/gz_cmake_vendor:/opt/ros/jazzy /usr/bin/cmake --install /root/turtlebot3_ws/build/turtlebot3_simulations
[16.637s] Level 1:colcon.colcon_core.environment:create_environment_scripts_only(turtlebot3_simulations)
[16.637s] Level 1:colcon.colcon_core.environment:checking '/root/turtlebot3_ws/install/turtlebot3_simulations' for CMake module files
[16.637s] DEBUG:colcon.colcon_core.event_handler.log_command:Invoked command in '/root/turtlebot3_ws/build/turtlebot3_simulations' returned '0': AMENT_PREFIX_PATH=/root/turtlebot3_ws/install/turtlebot3_gazebo:/root/turtlebot3_ws/install/turtlebot3_fake_node:${AMENT_PREFIX_PATH} CMAKE_PREFIX_PATH=/root/turtlebot3_ws/install/turtlebot3_gazebo:/root/turtlebot3_ws/install/turtlebot3_fake_node:/opt/ros/jazzy/opt/gz_sim_vendor:/opt/ros/jazzy/opt/gz_sensors_vendor:/opt/ros/jazzy/opt/gz_physics_vendor:/opt/ros/jazzy/opt/sdformat_vendor:/opt/ros/jazzy/opt/gz_gui_vendor:/opt/ros/jazzy/opt/gz_transport_vendor:/opt/ros/jazzy/opt/gz_rendering_vendor:/opt/ros/jazzy/opt/gz_plugin_vendor:/opt/ros/jazzy/opt/gz_fuel_tools_vendor:/opt/ros/jazzy/opt/gz_msgs_vendor:/opt/ros/jazzy/opt/gz_common_vendor:/opt/ros/jazzy/opt/gz_math_vendor:/opt/ros/jazzy/opt/gz_utils_vendor:/opt/ros/jazzy/opt/gz_tools_vendor:/opt/ros/jazzy/opt/gz_ogre_next_vendor:/opt/ros/jazzy/opt/gz_dartsim_vendor:/opt/ros/jazzy/opt/gz_cmake_vendor:/opt/ros/jazzy /usr/bin/cmake --install /root/turtlebot3_ws/build/turtlebot3_simulations
[16.638s] Level 1:colcon.colcon_core.environment:checking '/root/turtlebot3_ws/install/turtlebot3_simulations' for CMake config files
[16.638s] Level 1:colcon.colcon_core.shell:create_environment_hook('turtlebot3_simulations', 'cmake_prefix_path')
[16.638s] INFO:colcon.colcon_core.shell:Creating environment hook '/root/turtlebot3_ws/install/turtlebot3_simulations/share/turtlebot3_simulations/hook/cmake_prefix_path.ps1'
[16.638s] INFO:colcon.colcon_core.shell:Creating environment descriptor '/root/turtlebot3_ws/install/turtlebot3_simulations/share/turtlebot3_simulations/hook/cmake_prefix_path.dsv'
[16.638s] INFO:colcon.colcon_core.shell:Creating environment hook '/root/turtlebot3_ws/install/turtlebot3_simulations/share/turtlebot3_simulations/hook/cmake_prefix_path.sh'
[16.638s] Level 1:colcon.colcon_core.environment:checking '/root/turtlebot3_ws/install/turtlebot3_simulations/bin'
[16.638s] Level 1:colcon.colcon_core.environment:checking '/root/turtlebot3_ws/install/turtlebot3_simulations/lib/pkgconfig/turtlebot3_simulations.pc'
[16.639s] Level 1:colcon.colcon_core.environment:checking '/root/turtlebot3_ws/install/turtlebot3_simulations/lib/python3.12/site-packages'
[16.639s] Level 1:colcon.colcon_core.environment:checking '/root/turtlebot3_ws/install/turtlebot3_simulations/bin'
[16.639s] INFO:colcon.colcon_core.shell:Creating package script '/root/turtlebot3_ws/install/turtlebot3_simulations/share/turtlebot3_simulations/package.ps1'
[16.639s] INFO:colcon.colcon_core.shell:Creating package descriptor '/root/turtlebot3_ws/install/turtlebot3_simulations/share/turtlebot3_simulations/package.dsv'
[16.639s] INFO:colcon.colcon_core.shell:Creating package script '/root/turtlebot3_ws/install/turtlebot3_simulations/share/turtlebot3_simulations/package.sh'
[16.639s] INFO:colcon.colcon_core.shell:Creating package script '/root/turtlebot3_ws/install/turtlebot3_simulations/share/turtlebot3_simulations/package.bash'
[16.640s] INFO:colcon.colcon_core.shell:Creating package script '/root/turtlebot3_ws/install/turtlebot3_simulations/share/turtlebot3_simulations/package.zsh'
[16.640s] Level 1:colcon.colcon_core.environment:create_file_with_runtime_dependencies(/root/turtlebot3_ws/install/turtlebot3_simulations/share/colcon-core/packages/turtlebot3_simulations)
[16.640s] Level 1:colcon.colcon_core.environment:create_environment_scripts_only(turtlebot3_simulations)
[16.640s] Level 1:colcon.colcon_core.environment:checking '/root/turtlebot3_ws/install/turtlebot3_simulations' for CMake module files
[16.640s] Level 1:colcon.colcon_core.environment:checking '/root/turtlebot3_ws/install/turtlebot3_simulations' for CMake config files
[16.640s] Level 1:colcon.colcon_core.shell:create_environment_hook('turtlebot3_simulations', 'cmake_prefix_path')
[16.640s] INFO:colcon.colcon_core.shell:Creating environment hook '/root/turtlebot3_ws/install/turtlebot3_simulations/share/turtlebot3_simulations/hook/cmake_prefix_path.ps1'
[16.641s] INFO:colcon.colcon_core.shell:Creating environment descriptor '/root/turtlebot3_ws/install/turtlebot3_simulations/share/turtlebot3_simulations/hook/cmake_prefix_path.dsv'
[16.641s] INFO:colcon.colcon_core.shell:Creating environment hook '/root/turtlebot3_ws/install/turtlebot3_simulations/share/turtlebot3_simulations/hook/cmake_prefix_path.sh'
[16.641s] Level 1:colcon.colcon_core.environment:checking '/root/turtlebot3_ws/install/turtlebot3_simulations/bin'
[16.641s] Level 1:colcon.colcon_core.environment:checking '/root/turtlebot3_ws/install/turtlebot3_simulations/lib/pkgconfig/turtlebot3_simulations.pc'
[16.641s] Level 1:colcon.colcon_core.environment:checking '/root/turtlebot3_ws/install/turtlebot3_simulations/lib/python3.12/site-packages'
[16.641s] Level 1:colcon.colcon_core.environment:checking '/root/turtlebot3_ws/install/turtlebot3_simulations/bin'
[16.641s] INFO:colcon.colcon_core.shell:Creating package script '/root/turtlebot3_ws/install/turtlebot3_simulations/share/turtlebot3_simulations/package.ps1'
[16.641s] INFO:colcon.colcon_core.shell:Creating package descriptor '/root/turtlebot3_ws/install/turtlebot3_simulations/share/turtlebot3_simulations/package.dsv'
[16.642s] INFO:colcon.colcon_core.shell:Creating package script '/root/turtlebot3_ws/install/turtlebot3_simulations/share/turtlebot3_simulations/package.sh'
[16.642s] INFO:colcon.colcon_core.shell:Creating package script '/root/turtlebot3_ws/install/turtlebot3_simulations/share/turtlebot3_simulations/package.bash'
[16.642s] INFO:colcon.colcon_core.shell:Creating package script '/root/turtlebot3_ws/install/turtlebot3_simulations/share/turtlebot3_simulations/package.zsh'
[16.642s] Level 1:colcon.colcon_core.environment:create_file_with_runtime_dependencies(/root/turtlebot3_ws/install/turtlebot3_simulations/share/colcon-core/packages/turtlebot3_simulations)
[16.642s] DEBUG:colcon.colcon_parallel_executor.executor.parallel:closing loop
[16.642s] DEBUG:colcon.colcon_parallel_executor.executor.parallel:loop closed
[16.643s] DEBUG:colcon.colcon_parallel_executor.executor.parallel:run_until_complete finished with '0'
[16.643s] DEBUG:colcon.colcon_core.event_reactor:joining thread
[16.655s] INFO:colcon.colcon_core.plugin_system:Skipping extension 'colcon_notification.desktop_notification.notify_send': Could not find 'notify-send'
[16.655s] INFO:colcon.colcon_core.plugin_system:Skipping extension 'colcon_notification.desktop_notification.terminal_notifier': Not used on non-Darwin systems
[16.655s] INFO:colcon.colcon_core.plugin_system:Skipping extension 'colcon_notification.desktop_notification.win32': Not used on non-Windows systems
[16.655s] INFO:colcon.colcon_notification.desktop_notification:Sending desktop notification using 'notify2'
[16.655s] DEBUG:colcon.colcon_notification.desktop_notification.notify2:Failed to initialize notify2: org.freedesktop.DBus.Error.NotSupported: Unable to autolaunch a dbus-daemon without a $DISPLAY for X11
[16.655s] DEBUG:colcon.colcon_core.event_reactor:joined thread
[16.655s] INFO:colcon.colcon_core.shell:Creating prefix script '/root/turtlebot3_ws/install/local_setup.ps1'
[16.656s] INFO:colcon.colcon_core.shell:Creating prefix util module '/root/turtlebot3_ws/install/_local_setup_util_ps1.py'
[16.656s] INFO:colcon.colcon_core.shell:Creating prefix chain script '/root/turtlebot3_ws/install/setup.ps1'
[16.657s] INFO:colcon.colcon_core.shell:Creating prefix script '/root/turtlebot3_ws/install/local_setup.sh'
[16.657s] INFO:colcon.colcon_core.shell:Creating prefix util module '/root/turtlebot3_ws/install/_local_setup_util_sh.py'
[16.657s] INFO:colcon.colcon_core.shell:Creating prefix chain script '/root/turtlebot3_ws/install/setup.sh'
[16.658s] INFO:colcon.colcon_core.shell:Creating prefix script '/root/turtlebot3_ws/install/local_setup.bash'
[16.658s] INFO:colcon.colcon_core.shell:Creating prefix chain script '/root/turtlebot3_ws/install/setup.bash'
[16.658s] INFO:colcon.colcon_core.shell:Creating prefix script '/root/turtlebot3_ws/install/local_setup.zsh'
[16.659s] INFO:colcon.colcon_core.shell:Creating prefix chain script '/root/turtlebot3_ws/install/setup.zsh'
