[0.005s] Invoking command in '/root/turtlebot3_ws/build/turtlebot3_gazebo': CMAKE_PREFIX_PATH=${CMAKE_PREFIX_PATH}:/opt/ros/jazzy /usr/bin/cmake /root/turtlebot3_ws/src/turtlebot3_simulations/turtlebot3_gazebo -DAMENT_CMAKE_SYMLINK_INSTALL=1 -DCMAKE_INSTALL_PREFIX=/root/turtlebot3_ws/install/turtlebot3_gazebo
[0.106s] -- The C compiler identification is GNU 13.3.0
[0.172s] -- The CXX compiler identification is GNU 13.3.0
[0.186s] -- Detecting C compiler ABI info
[0.255s] -- Detecting C compiler ABI info - done
[0.260s] -- Check for working C compiler: /usr/bin/cc - skipped
[0.260s] -- Detecting C compile features
[0.261s] -- Detecting C compile features - done
[0.268s] -- Detecting CXX compiler ABI info
[0.339s] -- Detecting CXX compiler ABI info - done
[0.344s] -- Check for working CXX compiler: /usr/bin/c++ - skipped
[0.344s] -- Detecting CXX compile features
[0.344s] -- Detecting CXX compile features - done
[0.349s] -- Found ament_cmake: 2.5.6 (/opt/ros/jazzy/share/ament_cmake/cmake)
[0.451s] -- Found Python3: /usr/bin/python3 (found version "3.12.3") found components: Interpreter 
[0.504s] -- Override CMake install command with custom implementation using symlinks instead of copying resources
[0.549s] -- Found ros_gz_sim: 1.0.22 (/opt/ros/jazzy/share/ros_gz_sim/cmake)
[0.595s] -- Found rosidl_generator_c: 4.6.7 (/opt/ros/jazzy/share/rosidl_generator_c/cmake)
[0.607s] -- Found rosidl_generator_cpp: 4.6.7 (/opt/ros/jazzy/share/rosidl_generator_cpp/cmake)
[0.624s] -- Using all available rosidl_typesupport_c: rosidl_typesupport_fastrtps_c;rosidl_typesupport_introspection_c
[0.640s] -- Using all available rosidl_typesupport_cpp: rosidl_typesupport_fastrtps_cpp;rosidl_typesupport_introspection_cpp
[0.712s] -- Found rmw_implementation_cmake: 7.3.3 (/opt/ros/jazzy/share/rmw_implementation_cmake/cmake)
[0.716s] -- Found rmw_fastrtps_cpp: 8.4.3 (/opt/ros/jazzy/share/rmw_fastrtps_cpp/cmake)
[0.790s] -- Found OpenSSL: /usr/lib/x86_64-linux-gnu/libcrypto.so (found version "3.0.13")  
[0.808s] -- Found FastRTPS: /opt/ros/jazzy/include (Required is at least version "2.13") 
[0.824s] -- Using RMW implementation 'rmw_fastrtps_cpp' as default
[1.037s] -- Found nav_msgs: 5.3.7 (/opt/ros/jazzy/share/nav_msgs/cmake)
[1.056s] -- Found sensor_msgs: 5.3.7 (/opt/ros/jazzy/share/sensor_msgs/cmake)
[1.079s] -- Found gz_math_vendor: 0.0.8 (/opt/ros/jazzy/share/gz_math_vendor/cmake)
[1.140s] -- Looking for gz-math7 -- found version 7.5.2
[1.229s] -- Searching for dependencies of gz-math7
[1.230s] -- Looking for gz-utils2 -- found version 2.2.1
[1.230s] -- Searching for dependencies of gz-utils2
[1.242s] -- Found gz_sim_vendor: 0.0.10 (/opt/ros/jazzy/share/gz_sim_vendor/cmake)
[1.481s] -- Looking for gz-sim8 -- found version 8.11.0
[1.481s] -- Searching for dependencies of gz-sim8
[1.482s] -- Looking for sdformat14 -- found version 14.9.0
[1.482s] -- Searching for dependencies of sdformat14
[1.486s] -- Checking for module 'tinyxml2'
[1.499s] --   Found tinyxml2, version 10.0.0
[1.522s] -- Looking for gz-math7 -- found version 7.5.2
[1.522s] -- Looking for gz-utils2 -- found version 2.2.1
[1.522s] -- Searching for dependencies of gz-utils2
[1.522s] -- Searching for <gz-utils2> component [cli]
[1.529s] -- Looking for gz-utils2-cli -- found version 2.2.1
[1.529s] -- Searching for dependencies of gz-utils2-cli
[1.560s] -- Looking for gz-plugin2 -- found version 2.0.4
[1.560s] -- Searching for dependencies of gz-plugin2
[1.560s] -- Looking for gz-utils2 -- found version 2.2.1
[1.576s] -- Searching for <gz-plugin2> component [loader]
[1.592s] -- Looking for gz-plugin2-loader -- found version 2.0.4
[1.592s] -- Searching for dependencies of gz-plugin2-loader
[1.606s] -- Searching for <gz-plugin2> component [register]
[1.624s] -- Looking for gz-plugin2-register -- found version 2.0.4
[1.624s] -- Searching for dependencies of gz-plugin2-register
[1.627s] -- Looking for gz-transport13 -- found version 13.5.0
[1.627s] -- Searching for dependencies of gz-transport13
[5.865s] -- Found Protobuf: /usr/lib/x86_64-linux-gnu/libprotobuf.so (found version "3.21.12") 
[5.883s] -- Config-file not installed for ZeroMQ -- checking for pkg-config
[5.888s] -- Checking for module 'libzmq >= 4'
[5.901s] --   Found libzmq, version 4.3.5
[5.941s] -- Found ZeroMQ: TRUE (Required is at least version "4") 
[5.946s] -- Checking for module 'uuid'
[5.959s] --   Found uuid, version 2.39.3
[5.982s] -- Found UUID: TRUE  
[5.985s] -- Looking for gz-utils2 -- found version 2.2.1
[5.988s] -- Looking for gz-msgs10 -- found version 10.3.2
[5.988s] -- Searching for dependencies of gz-msgs10
[6.008s] -- Looking for gz-utils2 -- found version 2.2.1
[6.011s] -- Looking for gz-math7 -- found version 7.5.2
[6.036s] -- Searching for <gz-transport13> component [log]
[6.040s] -- Looking for gz-transport13-log -- found version 13.5.0
[6.040s] -- Searching for dependencies of gz-transport13-log
[6.040s] -- Searching for <gz-transport13> component [parameters]
[6.046s] -- Looking for gz-transport13-parameters -- found version 13.5.0
[6.046s] -- Searching for dependencies of gz-transport13-parameters
[6.053s] -- Looking for gz-msgs10 -- found version 10.3.2
[6.057s] -- Looking for gz-common5 -- found version 5.8.0
[6.057s] -- Searching for dependencies of gz-common5
[6.057s] -- Looking for gz-utils2 -- found version 2.2.1
[6.059s] -- Looking for dlfcn.h - found
[6.061s] -- Looking for libdl - found
[6.062s] -- Found DL: TRUE  
[6.069s] -- Searching for <gz-common5> component [av]
[6.071s] -- Looking for gz-common5-av -- found version 5.8.0
[6.071s] -- Searching for dependencies of gz-common5-av
[6.074s] -- Checking for module 'libswscale'
[6.087s] --   Found libswscale, version 7.5.100
[6.111s] -- Found SWSCALE: TRUE  
[6.115s] -- Checking for module 'libavdevice >= 56.4.100'
[6.130s] --   Found libavdevice, version 60.3.100
[6.173s] -- Found AVDEVICE: TRUE (Required is at least version "56.4.100") 
[6.177s] -- Checking for module 'libavformat'
[6.189s] --   Found libavformat, version 60.16.100
[6.217s] -- Found AVFORMAT: TRUE  
[6.221s] -- Checking for module 'libavcodec'
[6.232s] --   Found libavcodec, version 60.31.102
[6.257s] -- Found AVCODEC: TRUE  
[6.262s] -- Checking for module 'libavutil'
[6.274s] --   Found libavutil, version 58.29.100
[6.300s] -- Found AVUTIL: TRUE  
[6.302s] -- Searching for <gz-common5> component [events]
[6.306s] -- Looking for gz-common5-events -- found version 5.8.0
[6.306s] -- Searching for dependencies of gz-common5-events
[6.306s] -- Looking for gz-math7 -- found version 7.5.2
[6.310s] -- Searching for <gz-common5> component [graphics]
[6.311s] -- Looking for gz-common5-graphics -- found version 5.8.0
[6.311s] -- Searching for dependencies of gz-common5-graphics
[6.311s] -- Looking for gz-math7 -- found version 7.5.2
[6.316s] -- Found GzAssimp: TRUE (found version "5.3.0") 
[6.317s] -- Searching for <gz-common5> component [io]
[6.318s] -- Looking for gz-common5-io -- found version 5.8.0
[6.318s] -- Searching for dependencies of gz-common5-io
[6.319s] -- Searching for <gz-common5> component [profiler]
[6.320s] -- Looking for gz-common5-profiler -- found version 5.8.0
[6.320s] -- Searching for dependencies of gz-common5-profiler
[6.323s] -- Looking for gz-fuel_tools9 -- found version 9.1.1
[6.323s] -- Searching for dependencies of gz-fuel_tools9
[6.387s] -- Found CURL: /usr/lib/x86_64-linux-gnu/libcurl.so (found version "8.5.0")  
[6.399s] -- Checking for module 'jsoncpp'
[6.412s] --   Found jsoncpp, version 1.9.5
[6.440s] -- Found JSONCPP: TRUE  
[6.455s] -- Checking for module 'yaml-0.1'
[6.469s] --   Found yaml-0.1, version 0.2.5
[6.494s] -- Found YAML: TRUE  
[6.499s] -- Checking for module 'libzip'
[6.521s] --   Found libzip, version 1.7.3
[6.547s] -- Found ZIP: TRUE  
[6.547s] -- Looking for gz-utils2 -- found version 2.2.1
[6.547s] -- Looking for gz-common5 -- found version 5.8.0
[6.547s] -- Searching for dependencies of gz-common5
[6.547s] -- Looking for gz-utils2 -- found version 2.2.1
[6.547s] -- Looking for dlfcn.h - found
[6.548s] -- Looking for libdl - found
[6.554s] -- Searching for <gz-common5> component [testing]
[6.558s] -- Looking for gz-common5-testing -- found version 5.8.0
[6.558s] -- Searching for dependencies of gz-common5-testing
[6.559s] -- Looking for gz-math7 -- found version 7.5.2
[6.559s] -- Looking for gz-msgs10 -- found version 10.3.2
[6.567s] -- Looking for gz-gui8 -- found version 8.4.0
[6.567s] -- Searching for dependencies of gz-gui8
[6.591s] -- Looking for gz-utils2 -- found version 2.2.1
[6.592s] -- Looking for gz-math7 -- found version 7.5.2
[6.592s] -- Looking for gz-common5 -- found version 5.8.0
[6.593s] -- Looking for gz-plugin2 -- found version 2.0.4
[6.598s] -- Looking for gz-transport13 -- found version 13.5.0
[6.600s] -- Looking for gz-rendering8 -- found version 8.2.3
[6.600s] -- Searching for dependencies of gz-rendering8
[6.601s] -- Looking for gz-math7 -- found version 7.5.2
[6.601s] -- Searching for dependencies of gz-math7
[6.601s] -- Looking for gz-utils2 -- found version 2.2.1
[6.601s] -- Searching for <gz-math7> component [eigen3]
[6.604s] -- Looking for gz-math7-eigen3 -- found version 7.5.2
[6.604s] -- Searching for dependencies of gz-math7-eigen3
[6.618s] -- Looking for gz-common5 -- found version 5.8.0
[6.618s] -- Searching for dependencies of gz-common5
[6.619s] -- Looking for gz-utils2 -- found version 2.2.1
[6.619s] -- Looking for dlfcn.h - found
[6.619s] -- Looking for libdl - found
[6.626s] -- Searching for <gz-common5> component [graphics]
[6.626s] -- Searching for <gz-common5> component [events]
[6.626s] -- Searching for <gz-common5> component [geospatial]
[6.628s] -- Looking for gz-common5-geospatial -- found version 5.8.0
[6.628s] -- Searching for dependencies of gz-common5-geospatial
[6.628s] -- Looking for gz-math7 -- found version 7.5.2
[6.628s] -- Looking for gz-common5 -- found version 5.8.0
[6.631s] -- Looking for gz-plugin2 -- found version 2.0.4
[6.631s] -- Searching for dependencies of gz-plugin2
[6.632s] -- Looking for gz-utils2 -- found version 2.2.1
[6.632s] -- Searching for <gz-plugin2> component [all]
[6.638s] -- Looking for all libraries of gz-plugin2 -- found version 2.0.4
[6.638s] -- Looking for gz-plugin2 -- found version 2.0.4
[6.639s] -- Looking for gz-utils2 -- found version 2.2.1
[6.648s] -- Found OpenGL: /usr/lib/x86_64-linux-gnu/libOpenGL.so  found components: OpenGL 
[6.654s] -- Looking for gz-msgs10 -- found version 10.3.2
[6.747s] -- Looking for gz-physics7 -- found version 7.6.0
[6.747s] -- Searching for dependencies of gz-physics7
[6.747s] -- Looking for gz-common5 -- found version 5.8.0
[6.748s] -- Looking for gz-math7 -- found version 7.5.2
[6.748s] -- Looking for gz-plugin2 -- found version 2.0.4
[6.748s] -- Looking for gz-utils2 -- found version 2.2.1
[6.751s] -- Searching for <gz-physics7> component [heightmap]
[6.753s] -- Looking for gz-physics7-heightmap -- found version 7.6.0
[6.753s] -- Searching for dependencies of gz-physics7-heightmap
[6.753s] -- Looking for gz-common5 -- found version 5.8.0
[6.753s] -- Searching for <gz-physics7> component [mesh]
[6.761s] -- Looking for gz-physics7-mesh -- found version 7.6.0
[6.761s] -- Searching for dependencies of gz-physics7-mesh
[6.761s] -- Looking for gz-common5 -- found version 5.8.0
[6.763s] -- Searching for <gz-physics7> component [sdf]
[6.765s] -- Looking for gz-physics7-sdf -- found version 7.6.0
[6.765s] -- Searching for dependencies of gz-physics7-sdf
[6.774s] -- Looking for sdformat14 -- found version 14.9.0
[6.781s] -- Looking for gz-sensors8 -- found version 8.2.2
[6.781s] -- Searching for dependencies of gz-sensors8
[6.796s] -- Looking for gz-math7 -- found version 7.5.2
[6.796s] -- Looking for gz-common5 -- found version 5.8.0
[6.796s] -- Looking for gz-transport13 -- found version 13.5.0
[6.796s] -- Looking for gz-rendering8 -- found version 8.2.3
[6.796s] -- Looking for gz-msgs10 -- found version 10.3.2
[6.797s] -- Looking for sdformat14 -- found version 14.9.0
[6.799s] -- Searching for <gz-sensors8> component [air_pressure]
[6.802s] -- Looking for gz-sensors8-air_pressure -- found version 8.2.2
[6.802s] -- Searching for dependencies of gz-sensors8-air_pressure
[6.803s] -- Searching for <gz-sensors8> component [air_speed]
[6.804s] -- Looking for gz-sensors8-air_speed -- found version 8.2.2
[6.804s] -- Searching for dependencies of gz-sensors8-air_speed
[6.806s] -- Searching for <gz-sensors8> component [altimeter]
[6.807s] -- Looking for gz-sensors8-altimeter -- found version 8.2.2
[6.807s] -- Searching for dependencies of gz-sensors8-altimeter
[6.808s] -- Searching for <gz-sensors8> component [imu]
[6.810s] -- Looking for gz-sensors8-imu -- found version 8.2.2
[6.810s] -- Searching for dependencies of gz-sensors8-imu
[6.811s] -- Searching for <gz-sensors8> component [force_torque]
[6.815s] -- Looking for gz-sensors8-force_torque -- found version 8.2.2
[6.815s] -- Searching for dependencies of gz-sensors8-force_torque
[6.816s] -- Searching for <gz-sensors8> component [logical_camera]
[6.818s] -- Looking for gz-sensors8-logical_camera -- found version 8.2.2
[6.818s] -- Searching for dependencies of gz-sensors8-logical_camera
[6.820s] -- Searching for <gz-sensors8> component [magnetometer]
[6.822s] -- Looking for gz-sensors8-magnetometer -- found version 8.2.2
[6.822s] -- Searching for dependencies of gz-sensors8-magnetometer
[6.823s] -- Searching for <gz-sensors8> component [navsat]
[6.824s] -- Looking for gz-sensors8-navsat -- found version 8.2.2
[6.824s] -- Searching for dependencies of gz-sensors8-navsat
[6.826s] -- Searching for <gz-sensors8> component [dvl]
[6.830s] -- Looking for gz-sensors8-dvl -- found version 8.2.2
[6.830s] -- Searching for dependencies of gz-sensors8-dvl
[6.830s] -- Looking for gz-sensors8 -- found version 8.2.2
[6.831s] -- Searching for dependencies of gz-sensors8
[6.846s] -- Looking for gz-math7 -- found version 7.5.2
[6.846s] -- Looking for gz-common5 -- found version 5.8.0
[6.847s] -- Looking for gz-transport13 -- found version 13.5.0
[6.847s] -- Looking for gz-rendering8 -- found version 8.2.3
[6.847s] -- Looking for gz-msgs10 -- found version 10.3.2
[6.848s] -- Looking for sdformat14 -- found version 14.9.0
[6.848s] -- Searching for <gz-sensors8> component [rendering]
[6.854s] -- Looking for gz-sensors8-rendering -- found version 8.2.2
[6.854s] -- Searching for dependencies of gz-sensors8-rendering
[6.856s] -- Searching for <gz-sensors8> component [rendering]
[6.856s] -- Searching for <gz-sensors8> component [lidar]
[6.857s] -- Looking for gz-sensors8-lidar -- found version 8.2.2
[6.857s] -- Searching for dependencies of gz-sensors8-lidar
[6.858s] -- Looking for gz-sensors8 -- found version 8.2.2
[6.860s] -- Searching for <gz-sensors8> component [gpu_lidar]
[6.861s] -- Looking for gz-sensors8-gpu_lidar -- found version 8.2.2
[6.861s] -- Searching for dependencies of gz-sensors8-gpu_lidar
[6.861s] -- Looking for gz-sensors8 -- found version 8.2.2
[6.865s] -- Searching for <gz-sensors8> component [camera]
[6.873s] -- Looking for gz-sensors8-camera -- found version 8.2.2
[6.873s] -- Searching for dependencies of gz-sensors8-camera
[6.873s] -- Looking for gz-sensors8 -- found version 8.2.2
[6.878s] -- Searching for <gz-sensors8> component [boundingbox_camera]
[6.879s] -- Looking for gz-sensors8-boundingbox_camera -- found version 8.2.2
[6.879s] -- Searching for dependencies of gz-sensors8-boundingbox_camera
[6.887s] -- Searching for <gz-sensors8> component [segmentation_camera]
[6.890s] -- Looking for gz-sensors8-segmentation_camera -- found version 8.2.2
[6.890s] -- Searching for dependencies of gz-sensors8-segmentation_camera
[6.891s] -- Searching for <gz-sensors8> component [depth_camera]
[6.895s] -- Looking for gz-sensors8-depth_camera -- found version 8.2.2
[6.895s] -- Searching for dependencies of gz-sensors8-depth_camera
[6.896s] -- Looking for gz-sensors8 -- found version 8.2.2
[6.899s] -- Searching for <gz-sensors8> component [rgbd_camera]
[6.901s] -- Looking for gz-sensors8-rgbd_camera -- found version 8.2.2
[6.901s] -- Searching for dependencies of gz-sensors8-rgbd_camera
[6.901s] -- Looking for gz-sensors8 -- found version 8.2.2
[6.902s] -- Searching for <gz-sensors8> component [thermal_camera]
[6.905s] -- Looking for gz-sensors8-thermal_camera -- found version 8.2.2
[6.905s] -- Searching for dependencies of gz-sensors8-thermal_camera
[6.905s] -- Looking for gz-sensors8 -- found version 8.2.2
[6.906s] -- Searching for <gz-sensors8> component [wide_angle_camera]
[6.911s] -- Looking for gz-sensors8-wide_angle_camera -- found version 8.2.2
[6.911s] -- Searching for dependencies of gz-sensors8-wide_angle_camera
[6.914s] -- Looking for gz-rendering8 -- found version 8.2.3
[6.914s] -- Looking for gz-math7 -- found version 7.5.2
[6.914s] -- Looking for gz-utils2 -- found version 2.2.1
[6.934s] -- Looking for gz-plugin2 -- found version 2.0.4
[7.085s] -- Configuring done (7.1s)
[7.146s] -- Generating done (0.1s)
[7.150s] -- Build files have been written to: /root/turtlebot3_ws/build/turtlebot3_gazebo
[7.158s] Invoked command in '/root/turtlebot3_ws/build/turtlebot3_gazebo' returned '0': CMAKE_PREFIX_PATH=${CMAKE_PREFIX_PATH}:/opt/ros/jazzy /usr/bin/cmake /root/turtlebot3_ws/src/turtlebot3_simulations/turtlebot3_gazebo -DAMENT_CMAKE_SYMLINK_INSTALL=1 -DCMAKE_INSTALL_PREFIX=/root/turtlebot3_ws/install/turtlebot3_gazebo
[7.159s] Invoking command in '/root/turtlebot3_ws/build/turtlebot3_gazebo': CMAKE_PREFIX_PATH=${CMAKE_PREFIX_PATH}:/opt/ros/jazzy /usr/bin/cmake --build /root/turtlebot3_ws/build/turtlebot3_gazebo -- -j32 -l32
[7.199s] [ 37%] Building CXX object CMakeFiles/obstacles.dir/src/obstacles.cpp.o
[7.199s] [ 37%] Building CXX object CMakeFiles/obstacle1.dir/src/obstacle1.cpp.o
[7.199s] [ 37%] Building CXX object CMakeFiles/obstacle2.dir/src/obstacle2.cpp.o
[7.199s] [ 50%] Building CXX object CMakeFiles/turtlebot3_drive.dir/src/turtlebot3_drive.cpp.o
[8.970s] [ 62%] Linking CXX shared library libobstacle2.so
[8.986s] [ 75%] Linking CXX shared library libobstacle1.so
[9.027s] [ 87%] Linking CXX shared library libobstacles.so
[9.168s] [ 87%] Built target obstacle2
[9.168s] [ 87%] Built target obstacle1
[9.173s] [ 87%] Built target obstacles
[14.112s] [100%] Linking CXX executable turtlebot3_drive
[14.308s] [100%] Built target turtlebot3_drive
[14.400s] Invoked command in '/root/turtlebot3_ws/build/turtlebot3_gazebo' returned '0': CMAKE_PREFIX_PATH=${CMAKE_PREFIX_PATH}:/opt/ros/jazzy /usr/bin/cmake --build /root/turtlebot3_ws/build/turtlebot3_gazebo -- -j32 -l32
[14.401s] Invoking command in '/root/turtlebot3_ws/build/turtlebot3_gazebo': CMAKE_PREFIX_PATH=${CMAKE_PREFIX_PATH}:/opt/ros/jazzy /usr/bin/cmake --install /root/turtlebot3_ws/build/turtlebot3_gazebo
[14.406s] -- Install configuration: ""
[14.406s] -- Execute custom install script
[14.406s] -- Symlinking: /root/turtlebot3_ws/install/turtlebot3_gazebo/lib/turtlebot3_gazebo/turtlebot3_drive
[14.413s] -- Symlinking: /root/turtlebot3_ws/install/turtlebot3_gazebo/lib/turtlebot3_gazebo/libobstacles.so
[14.419s] -- Symlinking: /root/turtlebot3_ws/install/turtlebot3_gazebo/lib/turtlebot3_gazebo/libobstacle1.so
[14.425s] -- Symlinking: /root/turtlebot3_ws/install/turtlebot3_gazebo/lib/turtlebot3_gazebo/libobstacle2.so
[14.431s] -- Symlinking: /root/turtlebot3_ws/install/turtlebot3_gazebo/share/turtlebot3_gazebo//launch/empty_world.launch.py
[14.436s] -- Symlinking: /root/turtlebot3_ws/install/turtlebot3_gazebo/share/turtlebot3_gazebo//launch/robot_state_publisher.launch.py
[14.443s] -- Symlinking: /root/turtlebot3_ws/install/turtlebot3_gazebo/share/turtlebot3_gazebo//launch/spawn_turtlebot3.launch.py
[14.449s] -- Symlinking: /root/turtlebot3_ws/install/turtlebot3_gazebo/share/turtlebot3_gazebo//launch/turtlebot3_dqn_stage1.launch.py
[14.455s] -- Symlinking: /root/turtlebot3_ws/install/turtlebot3_gazebo/share/turtlebot3_gazebo//launch/turtlebot3_dqn_stage2.launch.py
[14.463s] -- Symlinking: /root/turtlebot3_ws/install/turtlebot3_gazebo/share/turtlebot3_gazebo//launch/turtlebot3_dqn_stage3.launch.py
[14.472s] -- Symlinking: /root/turtlebot3_ws/install/turtlebot3_gazebo/share/turtlebot3_gazebo//launch/turtlebot3_dqn_stage4.launch.py
[14.478s] -- Symlinking: /root/turtlebot3_ws/install/turtlebot3_gazebo/share/turtlebot3_gazebo//launch/turtlebot3_house.launch.py
[14.485s] -- Symlinking: /root/turtlebot3_ws/install/turtlebot3_gazebo/share/turtlebot3_gazebo//launch/turtlebot3_world.launch.py
[14.516s] -- Symlinking: /root/turtlebot3_ws/install/turtlebot3_gazebo/share/turtlebot3_gazebo//models/turtlebot3_burger/model-1_4.sdf
[14.524s] -- Symlinking: /root/turtlebot3_ws/install/turtlebot3_gazebo/share/turtlebot3_gazebo//models/turtlebot3_burger/model.config
[14.530s] -- Symlinking: /root/turtlebot3_ws/install/turtlebot3_gazebo/share/turtlebot3_gazebo//models/turtlebot3_burger/model.sdf
[14.537s] -- Symlinking: /root/turtlebot3_ws/install/turtlebot3_gazebo/share/turtlebot3_gazebo//models/turtlebot3_burger_cam/model-1_4.sdf
[14.543s] -- Symlinking: /root/turtlebot3_ws/install/turtlebot3_gazebo/share/turtlebot3_gazebo//models/turtlebot3_burger_cam/model.config
[14.550s] -- Symlinking: /root/turtlebot3_ws/install/turtlebot3_gazebo/share/turtlebot3_gazebo//models/turtlebot3_burger_cam/model.sdf
[14.555s] -- Symlinking: /root/turtlebot3_ws/install/turtlebot3_gazebo/share/turtlebot3_gazebo//models/turtlebot3_common/meshes/bases/burger_base.stl
[14.561s] -- Symlinking: /root/turtlebot3_ws/install/turtlebot3_gazebo/share/turtlebot3_gazebo//models/turtlebot3_common/meshes/bases/waffle_base.stl
[14.566s] -- Symlinking: /root/turtlebot3_ws/install/turtlebot3_gazebo/share/turtlebot3_gazebo//models/turtlebot3_common/meshes/bases/waffle_pi_base.stl
[14.574s] -- Symlinking: /root/turtlebot3_ws/install/turtlebot3_gazebo/share/turtlebot3_gazebo//models/turtlebot3_common/meshes/burger_base.dae
[14.581s] -- Symlinking: /root/turtlebot3_ws/install/turtlebot3_gazebo/share/turtlebot3_gazebo//models/turtlebot3_common/meshes/lds.dae
[14.585s] -- Symlinking: /root/turtlebot3_ws/install/turtlebot3_gazebo/share/turtlebot3_gazebo//models/turtlebot3_common/meshes/r200.dae
[14.594s] -- Symlinking: /root/turtlebot3_ws/install/turtlebot3_gazebo/share/turtlebot3_gazebo//models/turtlebot3_common/meshes/sensors/astra.dae
[14.602s] -- Symlinking: /root/turtlebot3_ws/install/turtlebot3_gazebo/share/turtlebot3_gazebo//models/turtlebot3_common/meshes/sensors/astra.jpg
[14.609s] -- Symlinking: /root/turtlebot3_ws/install/turtlebot3_gazebo/share/turtlebot3_gazebo//models/turtlebot3_common/meshes/sensors/lds.stl
[14.615s] -- Symlinking: /root/turtlebot3_ws/install/turtlebot3_gazebo/share/turtlebot3_gazebo//models/turtlebot3_common/meshes/sensors/r200.dae
[14.624s] -- Symlinking: /root/turtlebot3_ws/install/turtlebot3_gazebo/share/turtlebot3_gazebo//models/turtlebot3_common/meshes/sensors/r200.jpg
[14.632s] -- Symlinking: /root/turtlebot3_ws/install/turtlebot3_gazebo/share/turtlebot3_gazebo//models/turtlebot3_common/meshes/tire.dae
[14.641s] -- Symlinking: /root/turtlebot3_ws/install/turtlebot3_gazebo/share/turtlebot3_gazebo//models/turtlebot3_common/meshes/waffle_base.dae
[14.647s] -- Symlinking: /root/turtlebot3_ws/install/turtlebot3_gazebo/share/turtlebot3_gazebo//models/turtlebot3_common/meshes/waffle_pi_base.dae
[14.653s] -- Symlinking: /root/turtlebot3_ws/install/turtlebot3_gazebo/share/turtlebot3_gazebo//models/turtlebot3_common/meshes/wheels/left_tire.stl
[14.662s] -- Symlinking: /root/turtlebot3_ws/install/turtlebot3_gazebo/share/turtlebot3_gazebo//models/turtlebot3_common/meshes/wheels/right_tire.stl
[14.671s] -- Symlinking: /root/turtlebot3_ws/install/turtlebot3_gazebo/share/turtlebot3_gazebo//models/turtlebot3_common/model.config
[14.677s] -- Symlinking: /root/turtlebot3_ws/install/turtlebot3_gazebo/share/turtlebot3_gazebo//models/turtlebot3_dqn_world/goal_box/model.config
[14.682s] -- Symlinking: /root/turtlebot3_ws/install/turtlebot3_gazebo/share/turtlebot3_gazebo//models/turtlebot3_dqn_world/goal_box/model.sdf
[14.690s] -- Symlinking: /root/turtlebot3_ws/install/turtlebot3_gazebo/share/turtlebot3_gazebo//models/turtlebot3_dqn_world/inner_walls/model.config
[14.699s] -- Symlinking: /root/turtlebot3_ws/install/turtlebot3_gazebo/share/turtlebot3_gazebo//models/turtlebot3_dqn_world/inner_walls/model.sdf
[14.708s] -- Symlinking: /root/turtlebot3_ws/install/turtlebot3_gazebo/share/turtlebot3_gazebo//models/turtlebot3_dqn_world/inner_walls/textures/wood.png
[14.717s] -- Symlinking: /root/turtlebot3_ws/install/turtlebot3_gazebo/share/turtlebot3_gazebo//models/turtlebot3_dqn_world/model.config
[14.723s] -- Symlinking: /root/turtlebot3_ws/install/turtlebot3_gazebo/share/turtlebot3_gazebo//models/turtlebot3_dqn_world/model.sdf
[14.732s] -- Symlinking: /root/turtlebot3_ws/install/turtlebot3_gazebo/share/turtlebot3_gazebo//models/turtlebot3_dqn_world/obstacle1/model.config
[14.738s] -- Symlinking: /root/turtlebot3_ws/install/turtlebot3_gazebo/share/turtlebot3_gazebo//models/turtlebot3_dqn_world/obstacle1/model.sdf
[14.744s] -- Symlinking: /root/turtlebot3_ws/install/turtlebot3_gazebo/share/turtlebot3_gazebo//models/turtlebot3_dqn_world/obstacle2/model.config
[14.751s] -- Symlinking: /root/turtlebot3_ws/install/turtlebot3_gazebo/share/turtlebot3_gazebo//models/turtlebot3_dqn_world/obstacle2/model.sdf
[14.755s] -- Symlinking: /root/turtlebot3_ws/install/turtlebot3_gazebo/share/turtlebot3_gazebo//models/turtlebot3_dqn_world/obstacles/model.config
[14.761s] -- Symlinking: /root/turtlebot3_ws/install/turtlebot3_gazebo/share/turtlebot3_gazebo//models/turtlebot3_dqn_world/obstacles/model.sdf
[14.768s] -- Symlinking: /root/turtlebot3_ws/install/turtlebot3_gazebo/share/turtlebot3_gazebo//models/turtlebot3_dqn_world/textures/wood.png
[14.774s] -- Symlinking: /root/turtlebot3_ws/install/turtlebot3_gazebo/share/turtlebot3_gazebo//models/turtlebot3_house/cafe_table/materials/textures/Maple.jpg
[14.779s] -- Symlinking: /root/turtlebot3_ws/install/turtlebot3_gazebo/share/turtlebot3_gazebo//models/turtlebot3_house/cafe_table/materials/textures/Wood_Floor_Dark.jpg
[14.785s] -- Symlinking: /root/turtlebot3_ws/install/turtlebot3_gazebo/share/turtlebot3_gazebo//models/turtlebot3_house/cafe_table/meshes/cafe_table.dae
[14.792s] -- Symlinking: /root/turtlebot3_ws/install/turtlebot3_gazebo/share/turtlebot3_gazebo//models/turtlebot3_house/cafe_table/model-1_4.sdf
[14.797s] -- Symlinking: /root/turtlebot3_ws/install/turtlebot3_gazebo/share/turtlebot3_gazebo//models/turtlebot3_house/cafe_table/model.config
[14.801s] -- Symlinking: /root/turtlebot3_ws/install/turtlebot3_gazebo/share/turtlebot3_gazebo//models/turtlebot3_house/cafe_table/model.sdf
[14.807s] -- Symlinking: /root/turtlebot3_ws/install/turtlebot3_gazebo/share/turtlebot3_gazebo//models/turtlebot3_house/first_2015_trash_can/meshes/trash_can.dae
[14.811s] -- Symlinking: /root/turtlebot3_ws/install/turtlebot3_gazebo/share/turtlebot3_gazebo//models/turtlebot3_house/first_2015_trash_can/model.config
[14.817s] -- Symlinking: /root/turtlebot3_ws/install/turtlebot3_gazebo/share/turtlebot3_gazebo//models/turtlebot3_house/first_2015_trash_can/model.sdf
[14.821s] -- Symlinking: /root/turtlebot3_ws/install/turtlebot3_gazebo/share/turtlebot3_gazebo//models/turtlebot3_house/mailbox/materials/scripts/mailbox.material
[14.827s] -- Symlinking: /root/turtlebot3_ws/install/turtlebot3_gazebo/share/turtlebot3_gazebo//models/turtlebot3_house/mailbox/materials/textures/Mailbox_Diffuse.png
[14.832s] -- Symlinking: /root/turtlebot3_ws/install/turtlebot3_gazebo/share/turtlebot3_gazebo//models/turtlebot3_house/mailbox/materials/textures/Mailbox_Diffuse.tga.orig
[14.836s] -- Symlinking: /root/turtlebot3_ws/install/turtlebot3_gazebo/share/turtlebot3_gazebo//models/turtlebot3_house/mailbox/materials/textures/Mailbox_Spec.png
[14.841s] -- Symlinking: /root/turtlebot3_ws/install/turtlebot3_gazebo/share/turtlebot3_gazebo//models/turtlebot3_house/mailbox/meshes/mailbox.dae
[14.848s] -- Symlinking: /root/turtlebot3_ws/install/turtlebot3_gazebo/share/turtlebot3_gazebo//models/turtlebot3_house/mailbox/model-1_3.sdf
[14.852s] -- Symlinking: /root/turtlebot3_ws/install/turtlebot3_gazebo/share/turtlebot3_gazebo//models/turtlebot3_house/mailbox/model-1_4.sdf
[14.856s] -- Symlinking: /root/turtlebot3_ws/install/turtlebot3_gazebo/share/turtlebot3_gazebo//models/turtlebot3_house/mailbox/model.config
[14.862s] -- Symlinking: /root/turtlebot3_ws/install/turtlebot3_gazebo/share/turtlebot3_gazebo//models/turtlebot3_house/mailbox/model.sdf
[14.869s] -- Symlinking: /root/turtlebot3_ws/install/turtlebot3_gazebo/share/turtlebot3_gazebo//models/turtlebot3_house/model.config
[14.876s] -- Symlinking: /root/turtlebot3_ws/install/turtlebot3_gazebo/share/turtlebot3_gazebo//models/turtlebot3_house/model.sdf
[14.883s] -- Symlinking: /root/turtlebot3_ws/install/turtlebot3_gazebo/share/turtlebot3_gazebo//models/turtlebot3_house/table_marble/materials/scripts/table_lightmap.material
[14.890s] -- Symlinking: /root/turtlebot3_ws/install/turtlebot3_gazebo/share/turtlebot3_gazebo//models/turtlebot3_house/table_marble/materials/textures/marble.png
[14.896s] -- Symlinking: /root/turtlebot3_ws/install/turtlebot3_gazebo/share/turtlebot3_gazebo//models/turtlebot3_house/table_marble/materials/textures/table_lightmap.png
[14.903s] -- Symlinking: /root/turtlebot3_ws/install/turtlebot3_gazebo/share/turtlebot3_gazebo//models/turtlebot3_house/table_marble/meshes/table_lightmap.dae
[14.908s] -- Symlinking: /root/turtlebot3_ws/install/turtlebot3_gazebo/share/turtlebot3_gazebo//models/turtlebot3_house/table_marble/model-1_4.sdf
[14.915s] -- Symlinking: /root/turtlebot3_ws/install/turtlebot3_gazebo/share/turtlebot3_gazebo//models/turtlebot3_house/table_marble/model.config
[14.922s] -- Symlinking: /root/turtlebot3_ws/install/turtlebot3_gazebo/share/turtlebot3_gazebo//models/turtlebot3_house/table_marble/model.sdf
[14.929s] -- Symlinking: /root/turtlebot3_ws/install/turtlebot3_gazebo/share/turtlebot3_gazebo//models/turtlebot3_house/textures/bricks.png
[14.936s] -- Symlinking: /root/turtlebot3_ws/install/turtlebot3_gazebo/share/turtlebot3_gazebo//models/turtlebot3_house/textures/wood.png
[14.940s] -- Symlinking: /root/turtlebot3_ws/install/turtlebot3_gazebo/share/turtlebot3_gazebo//models/turtlebot3_waffle/model-1_4.sdf
[14.947s] -- Symlinking: /root/turtlebot3_ws/install/turtlebot3_gazebo/share/turtlebot3_gazebo//models/turtlebot3_waffle/model.config
[14.951s] -- Symlinking: /root/turtlebot3_ws/install/turtlebot3_gazebo/share/turtlebot3_gazebo//models/turtlebot3_waffle/model.sdf
[14.958s] -- Symlinking: /root/turtlebot3_ws/install/turtlebot3_gazebo/share/turtlebot3_gazebo//models/turtlebot3_waffle_pi/model-1_4_.sdf
[14.965s] -- Symlinking: /root/turtlebot3_ws/install/turtlebot3_gazebo/share/turtlebot3_gazebo//models/turtlebot3_waffle_pi/model.config
[14.971s] -- Symlinking: /root/turtlebot3_ws/install/turtlebot3_gazebo/share/turtlebot3_gazebo//models/turtlebot3_waffle_pi/model.sdf
[14.978s] -- Symlinking: /root/turtlebot3_ws/install/turtlebot3_gazebo/share/turtlebot3_gazebo//models/turtlebot3_world/meshes/hexagon.dae
[14.984s] -- Symlinking: /root/turtlebot3_ws/install/turtlebot3_gazebo/share/turtlebot3_gazebo//models/turtlebot3_world/meshes/wall.dae
[14.991s] -- Symlinking: /root/turtlebot3_ws/install/turtlebot3_gazebo/share/turtlebot3_gazebo//models/turtlebot3_world/model-1_4.sdf
[14.998s] -- Symlinking: /root/turtlebot3_ws/install/turtlebot3_gazebo/share/turtlebot3_gazebo//models/turtlebot3_world/model.config
[15.003s] -- Symlinking: /root/turtlebot3_ws/install/turtlebot3_gazebo/share/turtlebot3_gazebo//models/turtlebot3_world/model.sdf
[15.010s] -- Symlinking: /root/turtlebot3_ws/install/turtlebot3_gazebo/share/turtlebot3_gazebo//params/turtlebot3_burger_bridge.yaml
[15.014s] -- Symlinking: /root/turtlebot3_ws/install/turtlebot3_gazebo/share/turtlebot3_gazebo//params/turtlebot3_burger_cam_bridge.yaml
[15.021s] -- Symlinking: /root/turtlebot3_ws/install/turtlebot3_gazebo/share/turtlebot3_gazebo//params/turtlebot3_waffle_bridge.yaml
[15.026s] -- Symlinking: /root/turtlebot3_ws/install/turtlebot3_gazebo/share/turtlebot3_gazebo//params/turtlebot3_waffle_pi_bridge.yaml
[15.032s] -- Symlinking: /root/turtlebot3_ws/install/turtlebot3_gazebo/share/turtlebot3_gazebo//rviz/tb3_gazebo.rviz
[15.038s] -- Symlinking: /root/turtlebot3_ws/install/turtlebot3_gazebo/share/turtlebot3_gazebo//urdf/common_properties.urdf
[15.046s] -- Symlinking: /root/turtlebot3_ws/install/turtlebot3_gazebo/share/turtlebot3_gazebo//urdf/turtlebot3_burger.urdf
[15.054s] -- Symlinking: /root/turtlebot3_ws/install/turtlebot3_gazebo/share/turtlebot3_gazebo//urdf/turtlebot3_burger_cam.urdf
[15.060s] -- Symlinking: /root/turtlebot3_ws/install/turtlebot3_gazebo/share/turtlebot3_gazebo//urdf/turtlebot3_waffle.urdf
[15.066s] -- Symlinking: /root/turtlebot3_ws/install/turtlebot3_gazebo/share/turtlebot3_gazebo//urdf/turtlebot3_waffle_pi.urdf
[15.074s] -- Symlinking: /root/turtlebot3_ws/install/turtlebot3_gazebo/share/turtlebot3_gazebo//worlds/empty_world.world
[15.080s] -- Symlinking: /root/turtlebot3_ws/install/turtlebot3_gazebo/share/turtlebot3_gazebo//worlds/turtlebot3_autorace_2020.world
[15.087s] -- Symlinking: /root/turtlebot3_ws/install/turtlebot3_gazebo/share/turtlebot3_gazebo//worlds/turtlebot3_dqn_stage1.world
[15.092s] -- Symlinking: /root/turtlebot3_ws/install/turtlebot3_gazebo/share/turtlebot3_gazebo//worlds/turtlebot3_dqn_stage2.world
[15.098s] -- Symlinking: /root/turtlebot3_ws/install/turtlebot3_gazebo/share/turtlebot3_gazebo//worlds/turtlebot3_dqn_stage3.world
[15.104s] -- Symlinking: /root/turtlebot3_ws/install/turtlebot3_gazebo/share/turtlebot3_gazebo//worlds/turtlebot3_dqn_stage4.world
[15.111s] -- Symlinking: /root/turtlebot3_ws/install/turtlebot3_gazebo/share/turtlebot3_gazebo//worlds/turtlebot3_house.world
[15.124s] -- Symlinking: /root/turtlebot3_ws/install/turtlebot3_gazebo/share/turtlebot3_gazebo//worlds/turtlebot3_world.world
[15.130s] -- Symlinking: /root/turtlebot3_ws/install/turtlebot3_gazebo/include//turtlebot3_gazebo/obstacle1.hpp
[15.135s] -- Symlinking: /root/turtlebot3_ws/install/turtlebot3_gazebo/include//turtlebot3_gazebo/obstacle2.hpp
[15.141s] -- Symlinking: /root/turtlebot3_ws/install/turtlebot3_gazebo/include//turtlebot3_gazebo/obstacles.hpp
[15.148s] -- Symlinking: /root/turtlebot3_ws/install/turtlebot3_gazebo/include//turtlebot3_gazebo/traffic_bar_plugin.hpp
[15.154s] -- Symlinking: /root/turtlebot3_ws/install/turtlebot3_gazebo/include//turtlebot3_gazebo/traffic_light_plugin.hpp
[15.160s] -- Symlinking: /root/turtlebot3_ws/install/turtlebot3_gazebo/include//turtlebot3_gazebo/turtlebot3_drive.hpp
[15.165s] -- Symlinking: /root/turtlebot3_ws/install/turtlebot3_gazebo/share/ament_index/resource_index/package_run_dependencies/turtlebot3_gazebo
[15.171s] -- Symlinking: /root/turtlebot3_ws/install/turtlebot3_gazebo/share/ament_index/resource_index/parent_prefix_path/turtlebot3_gazebo
[15.178s] -- Symlinking: /root/turtlebot3_ws/install/turtlebot3_gazebo/share/turtlebot3_gazebo/environment/ament_prefix_path.sh
[15.185s] -- Symlinking: /root/turtlebot3_ws/install/turtlebot3_gazebo/share/turtlebot3_gazebo/environment/ament_prefix_path.dsv
[15.192s] -- Symlinking: /root/turtlebot3_ws/install/turtlebot3_gazebo/share/turtlebot3_gazebo/environment/path.sh
[15.197s] -- Symlinking: /root/turtlebot3_ws/install/turtlebot3_gazebo/share/turtlebot3_gazebo/environment/path.dsv
[15.204s] -- Symlinking: /root/turtlebot3_ws/install/turtlebot3_gazebo/share/turtlebot3_gazebo/local_setup.bash
[15.209s] -- Symlinking: /root/turtlebot3_ws/install/turtlebot3_gazebo/share/turtlebot3_gazebo/local_setup.sh
[15.216s] -- Symlinking: /root/turtlebot3_ws/install/turtlebot3_gazebo/share/turtlebot3_gazebo/local_setup.zsh
[15.221s] -- Symlinking: /root/turtlebot3_ws/install/turtlebot3_gazebo/share/turtlebot3_gazebo/local_setup.dsv
[15.226s] -- Symlinking: /root/turtlebot3_ws/install/turtlebot3_gazebo/share/turtlebot3_gazebo/package.dsv
[15.231s] -- Symlinking: /root/turtlebot3_ws/install/turtlebot3_gazebo/share/ament_index/resource_index/packages/turtlebot3_gazebo
[15.237s] -- Symlinking: /root/turtlebot3_ws/install/turtlebot3_gazebo/share/turtlebot3_gazebo/cmake/ament_cmake_export_include_directories-extras.cmake
[15.242s] -- Symlinking: /root/turtlebot3_ws/install/turtlebot3_gazebo/share/turtlebot3_gazebo/cmake/ament_cmake_export_dependencies-extras.cmake
[15.248s] -- Symlinking: /root/turtlebot3_ws/install/turtlebot3_gazebo/share/turtlebot3_gazebo/cmake/turtlebot3_gazeboConfig.cmake
[15.252s] -- Symlinking: /root/turtlebot3_ws/install/turtlebot3_gazebo/share/turtlebot3_gazebo/cmake/turtlebot3_gazeboConfig-version.cmake
[15.258s] -- Symlinking: /root/turtlebot3_ws/install/turtlebot3_gazebo/share/turtlebot3_gazebo/package.xml
[15.263s] Invoked command in '/root/turtlebot3_ws/build/turtlebot3_gazebo' returned '0': CMAKE_PREFIX_PATH=${CMAKE_PREFIX_PATH}:/opt/ros/jazzy /usr/bin/cmake --install /root/turtlebot3_ws/build/turtlebot3_gazebo
