[0.181s] DEBUG:colcon:Command line arguments: ['/usr/bin/colcon', 'build', '--packages-select', 'my_nav_nodes']
[0.181s] DEBUG:colcon:Parsed command line arguments: Namespace(log_base=None, log_level=None, verb_name='build', build_base='build', install_base='install', merge_install=False, symlink_install=False, test_result_base=None, continue_on_error=False, executor='parallel', parallel_workers=32, event_handlers=None, ignore_user_meta=False, metas=['./colcon.meta'], base_paths=['.'], packages_ignore=None, packages_ignore_regex=None, paths=None, packages_up_to=None, packages_up_to_regex=None, packages_above=None, packages_above_and_dependencies=None, packages_above_depth=None, packages_select_by_dep=None, packages_skip_by_dep=None, packages_skip_up_to=None, packages_select_build_failed=False, packages_skip_build_finished=False, packages_select_test_failures=False, packages_skip_test_passed=False, packages_select=['my_nav_nodes'], packages_skip=None, packages_select_regex=None, packages_skip_regex=None, packages_start=None, packages_end=None, cmake_args=None, cmake_target=None, cmake_target_skip_unavailable=False, cmake_clean_cache=False, cmake_clean_first=False, cmake_force_configure=False, ament_cmake_args=None, catkin_cmake_args=None, catkin_skip_building_tests=False, mixin_files=None, mixin=None, verb_parser=<colcon_mixin.mixin.mixin_argument.MixinArgumentDecorator object at 0x7fafdd7278c0>, verb_extension=<colcon_core.verb.build.BuildVerb object at 0x7fafdd900c80>, main=<bound method BuildVerb.main of <colcon_core.verb.build.BuildVerb object at 0x7fafdd900c80>>, mixin_verb=('build',))
[0.233s] Level 1:colcon.colcon_core.package_discovery:discover_packages(colcon_meta) check parameters
[0.234s] INFO:colcon.colcon_metadata.package_discovery.colcon_meta:Using configuration from '/root/.colcon/metadata/default/Gazebo.meta'
[0.234s] INFO:colcon.colcon_metadata.package_discovery.colcon_meta:Using configuration from '/root/.colcon/metadata/default/fastdds.meta'
[0.235s] INFO:colcon.colcon_metadata.package_discovery.colcon_meta:Using configuration from '/root/.colcon/metadata/default/fastrtps.meta'
[0.235s] Level 1:colcon.colcon_core.package_discovery:discover_packages(recursive) check parameters
[0.235s] Level 1:colcon.colcon_core.package_discovery:discover_packages(ignore) check parameters
[0.235s] Level 1:colcon.colcon_core.package_discovery:discover_packages(path) check parameters
[0.235s] Level 1:colcon.colcon_core.package_discovery:discover_packages(colcon_meta) discover
[0.235s] Level 1:colcon.colcon_core.package_discovery:discover_packages(recursive) discover
[0.235s] INFO:colcon.colcon_core.package_discovery:Crawling recursively for packages in '/root/turtlebot3_ws'
[0.235s] Level 1:colcon.colcon_core.package_identification:_identify(.) by extensions ['ignore', 'ignore_ament_install']
[0.235s] Level 1:colcon.colcon_core.package_identification:_identify(.) by extension 'ignore'
[0.235s] Level 1:colcon.colcon_core.package_identification:_identify(.) by extension 'ignore_ament_install'
[0.235s] Level 1:colcon.colcon_core.package_identification:_identify(.) by extensions ['colcon_pkg']
[0.235s] Level 1:colcon.colcon_core.package_identification:_identify(.) by extension 'colcon_pkg'
[0.235s] Level 1:colcon.colcon_core.package_identification:_identify(.) by extensions ['colcon_meta']
[0.235s] Level 1:colcon.colcon_core.package_identification:_identify(.) by extension 'colcon_meta'
[0.235s] Level 1:colcon.colcon_core.package_identification:_identify(.) by extensions ['ros']
[0.235s] Level 1:colcon.colcon_core.package_identification:_identify(.) by extension 'ros'
[0.261s] Level 1:colcon.colcon_core.package_identification:_identify(.) by extensions ['cmake', 'python']
[0.261s] Level 1:colcon.colcon_core.package_identification:_identify(.) by extension 'cmake'
[0.261s] Level 1:colcon.colcon_core.package_identification:_identify(.) by extension 'python'
[0.261s] Level 1:colcon.colcon_core.package_identification:_identify(.) by extensions ['python_setup_py']
[0.261s] Level 1:colcon.colcon_core.package_identification:_identify(.) by extension 'python_setup_py'
[0.261s] Level 1:colcon.colcon_core.package_identification:_identify(build) by extensions ['ignore', 'ignore_ament_install']
[0.261s] Level 1:colcon.colcon_core.package_identification:_identify(build) by extension 'ignore'
[0.261s] Level 1:colcon.colcon_core.package_identification:_identify(build) ignored
[0.261s] Level 1:colcon.colcon_core.package_identification:_identify(install) by extensions ['ignore', 'ignore_ament_install']
[0.261s] Level 1:colcon.colcon_core.package_identification:_identify(install) by extension 'ignore'
[0.261s] Level 1:colcon.colcon_core.package_identification:_identify(install) ignored
[0.261s] Level 1:colcon.colcon_core.package_identification:_identify(log) by extensions ['ignore', 'ignore_ament_install']
[0.261s] Level 1:colcon.colcon_core.package_identification:_identify(log) by extension 'ignore'
[0.261s] Level 1:colcon.colcon_core.package_identification:_identify(log) ignored
[0.261s] Level 1:colcon.colcon_core.package_identification:_identify(src) by extensions ['ignore', 'ignore_ament_install']
[0.261s] Level 1:colcon.colcon_core.package_identification:_identify(src) by extension 'ignore'
[0.261s] Level 1:colcon.colcon_core.package_identification:_identify(src) by extension 'ignore_ament_install'
[0.261s] Level 1:colcon.colcon_core.package_identification:_identify(src) by extensions ['colcon_pkg']
[0.261s] Level 1:colcon.colcon_core.package_identification:_identify(src) by extension 'colcon_pkg'
[0.261s] Level 1:colcon.colcon_core.package_identification:_identify(src) by extensions ['colcon_meta']
[0.261s] Level 1:colcon.colcon_core.package_identification:_identify(src) by extension 'colcon_meta'
[0.261s] Level 1:colcon.colcon_core.package_identification:_identify(src) by extensions ['ros']
[0.261s] Level 1:colcon.colcon_core.package_identification:_identify(src) by extension 'ros'
[0.262s] Level 1:colcon.colcon_core.package_identification:_identify(src) by extensions ['cmake', 'python']
[0.262s] Level 1:colcon.colcon_core.package_identification:_identify(src) by extension 'cmake'
[0.262s] Level 1:colcon.colcon_core.package_identification:_identify(src) by extension 'python'
[0.262s] Level 1:colcon.colcon_core.package_identification:_identify(src) by extensions ['python_setup_py']
[0.262s] Level 1:colcon.colcon_core.package_identification:_identify(src) by extension 'python_setup_py'
[0.262s] Level 1:colcon.colcon_core.package_identification:_identify(src/my_nav_nodes) by extensions ['ignore', 'ignore_ament_install']
[0.262s] Level 1:colcon.colcon_core.package_identification:_identify(src/my_nav_nodes) by extension 'ignore'
[0.262s] Level 1:colcon.colcon_core.package_identification:_identify(src/my_nav_nodes) by extension 'ignore_ament_install'
[0.262s] Level 1:colcon.colcon_core.package_identification:_identify(src/my_nav_nodes) by extensions ['colcon_pkg']
[0.262s] Level 1:colcon.colcon_core.package_identification:_identify(src/my_nav_nodes) by extension 'colcon_pkg'
[0.262s] Level 1:colcon.colcon_core.package_identification:_identify(src/my_nav_nodes) by extensions ['colcon_meta']
[0.262s] Level 1:colcon.colcon_core.package_identification:_identify(src/my_nav_nodes) by extension 'colcon_meta'
[0.262s] Level 1:colcon.colcon_core.package_identification:_identify(src/my_nav_nodes) by extensions ['ros']
[0.262s] Level 1:colcon.colcon_core.package_identification:_identify(src/my_nav_nodes) by extension 'ros'
[0.264s] DEBUG:colcon.colcon_core.package_identification:Package 'src/my_nav_nodes' with type 'ros.ament_cmake' and name 'my_nav_nodes'
[0.264s] Level 1:colcon.colcon_core.package_identification:_identify(src/turtlebot3_simulations) by extensions ['ignore', 'ignore_ament_install']
[0.264s] Level 1:colcon.colcon_core.package_identification:_identify(src/turtlebot3_simulations) by extension 'ignore'
[0.264s] Level 1:colcon.colcon_core.package_identification:_identify(src/turtlebot3_simulations) by extension 'ignore_ament_install'
[0.264s] Level 1:colcon.colcon_core.package_identification:_identify(src/turtlebot3_simulations) by extensions ['colcon_pkg']
[0.264s] Level 1:colcon.colcon_core.package_identification:_identify(src/turtlebot3_simulations) by extension 'colcon_pkg'
[0.264s] Level 1:colcon.colcon_core.package_identification:_identify(src/turtlebot3_simulations) by extensions ['colcon_meta']
[0.264s] Level 1:colcon.colcon_core.package_identification:_identify(src/turtlebot3_simulations) by extension 'colcon_meta'
[0.264s] Level 1:colcon.colcon_core.package_identification:_identify(src/turtlebot3_simulations) by extensions ['ros']
[0.264s] Level 1:colcon.colcon_core.package_identification:_identify(src/turtlebot3_simulations) by extension 'ros'
[0.265s] Level 1:colcon.colcon_core.package_identification:_identify(src/turtlebot3_simulations) by extensions ['cmake', 'python']
[0.265s] Level 1:colcon.colcon_core.package_identification:_identify(src/turtlebot3_simulations) by extension 'cmake'
[0.265s] Level 1:colcon.colcon_core.package_identification:_identify(src/turtlebot3_simulations) by extension 'python'
[0.265s] Level 1:colcon.colcon_core.package_identification:_identify(src/turtlebot3_simulations) by extensions ['python_setup_py']
[0.265s] Level 1:colcon.colcon_core.package_identification:_identify(src/turtlebot3_simulations) by extension 'python_setup_py'
[0.265s] Level 1:colcon.colcon_core.package_identification:_identify(src/turtlebot3_simulations/turtlebot3_fake_node) by extensions ['ignore', 'ignore_ament_install']
[0.265s] Level 1:colcon.colcon_core.package_identification:_identify(src/turtlebot3_simulations/turtlebot3_fake_node) by extension 'ignore'
[0.265s] Level 1:colcon.colcon_core.package_identification:_identify(src/turtlebot3_simulations/turtlebot3_fake_node) by extension 'ignore_ament_install'
[0.265s] Level 1:colcon.colcon_core.package_identification:_identify(src/turtlebot3_simulations/turtlebot3_fake_node) by extensions ['colcon_pkg']
[0.265s] Level 1:colcon.colcon_core.package_identification:_identify(src/turtlebot3_simulations/turtlebot3_fake_node) by extension 'colcon_pkg'
[0.265s] Level 1:colcon.colcon_core.package_identification:_identify(src/turtlebot3_simulations/turtlebot3_fake_node) by extensions ['colcon_meta']
[0.265s] Level 1:colcon.colcon_core.package_identification:_identify(src/turtlebot3_simulations/turtlebot3_fake_node) by extension 'colcon_meta'
[0.265s] Level 1:colcon.colcon_core.package_identification:_identify(src/turtlebot3_simulations/turtlebot3_fake_node) by extensions ['ros']
[0.265s] Level 1:colcon.colcon_core.package_identification:_identify(src/turtlebot3_simulations/turtlebot3_fake_node) by extension 'ros'
[0.266s] DEBUG:colcon.colcon_core.package_identification:Package 'src/turtlebot3_simulations/turtlebot3_fake_node' with type 'ros.ament_cmake' and name 'turtlebot3_fake_node'
[0.266s] Level 1:colcon.colcon_core.package_identification:_identify(src/turtlebot3_simulations/turtlebot3_gazebo) by extensions ['ignore', 'ignore_ament_install']
[0.266s] Level 1:colcon.colcon_core.package_identification:_identify(src/turtlebot3_simulations/turtlebot3_gazebo) by extension 'ignore'
[0.266s] Level 1:colcon.colcon_core.package_identification:_identify(src/turtlebot3_simulations/turtlebot3_gazebo) by extension 'ignore_ament_install'
[0.266s] Level 1:colcon.colcon_core.package_identification:_identify(src/turtlebot3_simulations/turtlebot3_gazebo) by extensions ['colcon_pkg']
[0.266s] Level 1:colcon.colcon_core.package_identification:_identify(src/turtlebot3_simulations/turtlebot3_gazebo) by extension 'colcon_pkg'
[0.266s] Level 1:colcon.colcon_core.package_identification:_identify(src/turtlebot3_simulations/turtlebot3_gazebo) by extensions ['colcon_meta']
[0.266s] Level 1:colcon.colcon_core.package_identification:_identify(src/turtlebot3_simulations/turtlebot3_gazebo) by extension 'colcon_meta'
[0.266s] Level 1:colcon.colcon_core.package_identification:_identify(src/turtlebot3_simulations/turtlebot3_gazebo) by extensions ['ros']
[0.266s] Level 1:colcon.colcon_core.package_identification:_identify(src/turtlebot3_simulations/turtlebot3_gazebo) by extension 'ros'
[0.267s] DEBUG:colcon.colcon_core.package_identification:Package 'src/turtlebot3_simulations/turtlebot3_gazebo' with type 'ros.ament_cmake' and name 'turtlebot3_gazebo'
[0.267s] Level 1:colcon.colcon_core.package_identification:_identify(src/turtlebot3_simulations/turtlebot3_simulations) by extensions ['ignore', 'ignore_ament_install']
[0.267s] Level 1:colcon.colcon_core.package_identification:_identify(src/turtlebot3_simulations/turtlebot3_simulations) by extension 'ignore'
[0.267s] Level 1:colcon.colcon_core.package_identification:_identify(src/turtlebot3_simulations/turtlebot3_simulations) by extension 'ignore_ament_install'
[0.267s] Level 1:colcon.colcon_core.package_identification:_identify(src/turtlebot3_simulations/turtlebot3_simulations) by extensions ['colcon_pkg']
[0.267s] Level 1:colcon.colcon_core.package_identification:_identify(src/turtlebot3_simulations/turtlebot3_simulations) by extension 'colcon_pkg'
[0.267s] Level 1:colcon.colcon_core.package_identification:_identify(src/turtlebot3_simulations/turtlebot3_simulations) by extensions ['colcon_meta']
[0.267s] Level 1:colcon.colcon_core.package_identification:_identify(src/turtlebot3_simulations/turtlebot3_simulations) by extension 'colcon_meta'
[0.267s] Level 1:colcon.colcon_core.package_identification:_identify(src/turtlebot3_simulations/turtlebot3_simulations) by extensions ['ros']
[0.267s] Level 1:colcon.colcon_core.package_identification:_identify(src/turtlebot3_simulations/turtlebot3_simulations) by extension 'ros'
[0.268s] DEBUG:colcon.colcon_core.package_identification:Package 'src/turtlebot3_simulations/turtlebot3_simulations' with type 'ros.ament_cmake' and name 'turtlebot3_simulations'
[0.268s] Level 1:colcon.colcon_core.package_discovery:discover_packages(recursive) using defaults
[0.268s] Level 1:colcon.colcon_core.package_discovery:discover_packages(ignore) discover
[0.268s] Level 1:colcon.colcon_core.package_discovery:discover_packages(ignore) using defaults
[0.268s] Level 1:colcon.colcon_core.package_discovery:discover_packages(path) discover
[0.268s] Level 1:colcon.colcon_core.package_discovery:discover_packages(path) using defaults
[0.285s] INFO:colcon.colcon_core.package_selection:Skipping not selected package 'turtlebot3_fake_node' in 'src/turtlebot3_simulations/turtlebot3_fake_node'
[0.285s] INFO:colcon.colcon_core.package_selection:Skipping not selected package 'turtlebot3_gazebo' in 'src/turtlebot3_simulations/turtlebot3_gazebo'
[0.285s] INFO:colcon.colcon_core.package_selection:Skipping not selected package 'turtlebot3_simulations' in 'src/turtlebot3_simulations/turtlebot3_simulations'
[0.285s] Level 5:colcon.colcon_core.verb:set package 'my_nav_nodes' build argument 'cmake_args' from command line to 'None'
[0.285s] Level 5:colcon.colcon_core.verb:set package 'my_nav_nodes' build argument 'cmake_target' from command line to 'None'
[0.285s] Level 5:colcon.colcon_core.verb:set package 'my_nav_nodes' build argument 'cmake_target_skip_unavailable' from command line to 'False'
[0.286s] Level 5:colcon.colcon_core.verb:set package 'my_nav_nodes' build argument 'cmake_clean_cache' from command line to 'False'
[0.286s] Level 5:colcon.colcon_core.verb:set package 'my_nav_nodes' build argument 'cmake_clean_first' from command line to 'False'
[0.286s] Level 5:colcon.colcon_core.verb:set package 'my_nav_nodes' build argument 'cmake_force_configure' from command line to 'False'
[0.286s] Level 5:colcon.colcon_core.verb:set package 'my_nav_nodes' build argument 'ament_cmake_args' from command line to 'None'
[0.286s] Level 5:colcon.colcon_core.verb:set package 'my_nav_nodes' build argument 'catkin_cmake_args' from command line to 'None'
[0.286s] Level 5:colcon.colcon_core.verb:set package 'my_nav_nodes' build argument 'catkin_skip_building_tests' from command line to 'False'
[0.286s] DEBUG:colcon.colcon_core.verb:Building package 'my_nav_nodes' with the following arguments: {'ament_cmake_args': None, 'build_base': '/root/turtlebot3_ws/build/my_nav_nodes', 'catkin_cmake_args': None, 'catkin_skip_building_tests': False, 'cmake_args': None, 'cmake_clean_cache': False, 'cmake_clean_first': False, 'cmake_force_configure': False, 'cmake_target': None, 'cmake_target_skip_unavailable': False, 'install_base': '/root/turtlebot3_ws/install/my_nav_nodes', 'merge_install': False, 'path': '/root/turtlebot3_ws/src/my_nav_nodes', 'symlink_install': False, 'test_result_base': None}
[0.286s] INFO:colcon.colcon_core.executor:Executing jobs using 'parallel' executor
[0.287s] DEBUG:colcon.colcon_parallel_executor.executor.parallel:run_until_complete
[0.287s] INFO:colcon.colcon_ros.task.ament_cmake.build:Building ROS package in '/root/turtlebot3_ws/src/my_nav_nodes' with build type 'ament_cmake'
[0.287s] INFO:colcon.colcon_cmake.task.cmake.build:Building CMake package in '/root/turtlebot3_ws/src/my_nav_nodes'
[0.290s] INFO:colcon.colcon_core.plugin_system:Skipping extension 'colcon_core.shell.bat': Not used on non-Windows systems
[0.290s] INFO:colcon.colcon_core.shell:Skip shell extension 'powershell' for command environment: Not usable outside of PowerShell
[0.290s] DEBUG:colcon.colcon_core.shell:Skip shell extension 'dsv' for command environment
[0.305s] DEBUG:colcon.colcon_core.event_handler.log_command:Invoking command in '/root/turtlebot3_ws/build/my_nav_nodes': CMAKE_PREFIX_PATH=${CMAKE_PREFIX_PATH}:/opt/ros/jazzy /usr/bin/cmake /root/turtlebot3_ws/src/my_nav_nodes -DCMAKE_INSTALL_PREFIX=/root/turtlebot3_ws/install/my_nav_nodes
[1.083s] DEBUG:colcon.colcon_core.event_handler.log_command:Invoked command in '/root/turtlebot3_ws/build/my_nav_nodes' returned '0': CMAKE_PREFIX_PATH=${CMAKE_PREFIX_PATH}:/opt/ros/jazzy /usr/bin/cmake /root/turtlebot3_ws/src/my_nav_nodes -DCMAKE_INSTALL_PREFIX=/root/turtlebot3_ws/install/my_nav_nodes
[1.085s] DEBUG:colcon.colcon_core.event_handler.log_command:Invoking command in '/root/turtlebot3_ws/build/my_nav_nodes': CMAKE_PREFIX_PATH=${CMAKE_PREFIX_PATH}:/opt/ros/jazzy /usr/bin/cmake --build /root/turtlebot3_ws/build/my_nav_nodes -- -j32 -l32
[8.625s] DEBUG:colcon.colcon_core.event_handler.log_command:Invoked command in '/root/turtlebot3_ws/build/my_nav_nodes' returned '0': CMAKE_PREFIX_PATH=${CMAKE_PREFIX_PATH}:/opt/ros/jazzy /usr/bin/cmake --build /root/turtlebot3_ws/build/my_nav_nodes -- -j32 -l32
[8.634s] DEBUG:colcon.colcon_core.event_handler.log_command:Invoking command in '/root/turtlebot3_ws/build/my_nav_nodes': CMAKE_PREFIX_PATH=${CMAKE_PREFIX_PATH}:/opt/ros/jazzy /usr/bin/cmake --install /root/turtlebot3_ws/build/my_nav_nodes
[8.653s] Level 1:colcon.colcon_core.environment:create_environment_scripts_only(my_nav_nodes)
[8.654s] DEBUG:colcon.colcon_core.event_handler.log_command:Invoked command in '/root/turtlebot3_ws/build/my_nav_nodes' returned '0': CMAKE_PREFIX_PATH=${CMAKE_PREFIX_PATH}:/opt/ros/jazzy /usr/bin/cmake --install /root/turtlebot3_ws/build/my_nav_nodes
[8.656s] Level 1:colcon.colcon_core.environment:checking '/root/turtlebot3_ws/install/my_nav_nodes' for CMake module files
[8.656s] Level 1:colcon.colcon_core.environment:checking '/root/turtlebot3_ws/install/my_nav_nodes' for CMake config files
[8.657s] Level 1:colcon.colcon_core.shell:create_environment_hook('my_nav_nodes', 'cmake_prefix_path')
[8.657s] INFO:colcon.colcon_core.shell:Creating environment hook '/root/turtlebot3_ws/install/my_nav_nodes/share/my_nav_nodes/hook/cmake_prefix_path.ps1'
[8.657s] INFO:colcon.colcon_core.shell:Creating environment descriptor '/root/turtlebot3_ws/install/my_nav_nodes/share/my_nav_nodes/hook/cmake_prefix_path.dsv'
[8.658s] INFO:colcon.colcon_core.shell:Creating environment hook '/root/turtlebot3_ws/install/my_nav_nodes/share/my_nav_nodes/hook/cmake_prefix_path.sh'
[8.658s] Level 1:colcon.colcon_core.environment:checking '/root/turtlebot3_ws/install/my_nav_nodes/lib'
[8.658s] Level 1:colcon.colcon_core.environment:checking '/root/turtlebot3_ws/install/my_nav_nodes/bin'
[8.658s] Level 1:colcon.colcon_core.environment:checking '/root/turtlebot3_ws/install/my_nav_nodes/lib/pkgconfig/my_nav_nodes.pc'
[8.660s] Level 1:colcon.colcon_core.environment:checking '/root/turtlebot3_ws/install/my_nav_nodes/lib/python3.12/site-packages'
[8.660s] Level 1:colcon.colcon_core.environment:checking '/root/turtlebot3_ws/install/my_nav_nodes/bin'
[8.660s] INFO:colcon.colcon_core.shell:Creating package script '/root/turtlebot3_ws/install/my_nav_nodes/share/my_nav_nodes/package.ps1'
[8.661s] INFO:colcon.colcon_core.shell:Creating package descriptor '/root/turtlebot3_ws/install/my_nav_nodes/share/my_nav_nodes/package.dsv'
[8.661s] INFO:colcon.colcon_core.shell:Creating package script '/root/turtlebot3_ws/install/my_nav_nodes/share/my_nav_nodes/package.sh'
[8.662s] INFO:colcon.colcon_core.shell:Creating package script '/root/turtlebot3_ws/install/my_nav_nodes/share/my_nav_nodes/package.bash'
[8.662s] INFO:colcon.colcon_core.shell:Creating package script '/root/turtlebot3_ws/install/my_nav_nodes/share/my_nav_nodes/package.zsh'
[8.663s] Level 1:colcon.colcon_core.environment:create_file_with_runtime_dependencies(/root/turtlebot3_ws/install/my_nav_nodes/share/colcon-core/packages/my_nav_nodes)
[8.663s] Level 1:colcon.colcon_core.environment:create_environment_scripts_only(my_nav_nodes)
[8.663s] Level 1:colcon.colcon_core.environment:checking '/root/turtlebot3_ws/install/my_nav_nodes' for CMake module files
[8.664s] Level 1:colcon.colcon_core.environment:checking '/root/turtlebot3_ws/install/my_nav_nodes' for CMake config files
[8.664s] Level 1:colcon.colcon_core.shell:create_environment_hook('my_nav_nodes', 'cmake_prefix_path')
[8.664s] INFO:colcon.colcon_core.shell:Creating environment hook '/root/turtlebot3_ws/install/my_nav_nodes/share/my_nav_nodes/hook/cmake_prefix_path.ps1'
[8.664s] INFO:colcon.colcon_core.shell:Creating environment descriptor '/root/turtlebot3_ws/install/my_nav_nodes/share/my_nav_nodes/hook/cmake_prefix_path.dsv'
[8.664s] INFO:colcon.colcon_core.shell:Creating environment hook '/root/turtlebot3_ws/install/my_nav_nodes/share/my_nav_nodes/hook/cmake_prefix_path.sh'
[8.665s] Level 1:colcon.colcon_core.environment:checking '/root/turtlebot3_ws/install/my_nav_nodes/lib'
[8.665s] Level 1:colcon.colcon_core.environment:checking '/root/turtlebot3_ws/install/my_nav_nodes/bin'
[8.665s] Level 1:colcon.colcon_core.environment:checking '/root/turtlebot3_ws/install/my_nav_nodes/lib/pkgconfig/my_nav_nodes.pc'
[8.665s] Level 1:colcon.colcon_core.environment:checking '/root/turtlebot3_ws/install/my_nav_nodes/lib/python3.12/site-packages'
[8.665s] Level 1:colcon.colcon_core.environment:checking '/root/turtlebot3_ws/install/my_nav_nodes/bin'
[8.665s] INFO:colcon.colcon_core.shell:Creating package script '/root/turtlebot3_ws/install/my_nav_nodes/share/my_nav_nodes/package.ps1'
[8.666s] INFO:colcon.colcon_core.shell:Creating package descriptor '/root/turtlebot3_ws/install/my_nav_nodes/share/my_nav_nodes/package.dsv'
[8.666s] INFO:colcon.colcon_core.shell:Creating package script '/root/turtlebot3_ws/install/my_nav_nodes/share/my_nav_nodes/package.sh'
[8.666s] INFO:colcon.colcon_core.shell:Creating package script '/root/turtlebot3_ws/install/my_nav_nodes/share/my_nav_nodes/package.bash'
[8.666s] INFO:colcon.colcon_core.shell:Creating package script '/root/turtlebot3_ws/install/my_nav_nodes/share/my_nav_nodes/package.zsh'
[8.667s] Level 1:colcon.colcon_core.environment:create_file_with_runtime_dependencies(/root/turtlebot3_ws/install/my_nav_nodes/share/colcon-core/packages/my_nav_nodes)
[8.667s] DEBUG:colcon.colcon_parallel_executor.executor.parallel:closing loop
[8.667s] DEBUG:colcon.colcon_parallel_executor.executor.parallel:loop closed
[8.668s] DEBUG:colcon.colcon_parallel_executor.executor.parallel:run_until_complete finished with '0'
[8.668s] DEBUG:colcon.colcon_core.event_reactor:joining thread
[8.680s] INFO:colcon.colcon_core.plugin_system:Skipping extension 'colcon_notification.desktop_notification.notify_send': Could not find 'notify-send'
[8.680s] INFO:colcon.colcon_core.plugin_system:Skipping extension 'colcon_notification.desktop_notification.terminal_notifier': Not used on non-Darwin systems
[8.680s] INFO:colcon.colcon_core.plugin_system:Skipping extension 'colcon_notification.desktop_notification.win32': Not used on non-Windows systems
[8.680s] INFO:colcon.colcon_notification.desktop_notification:Sending desktop notification using 'notify2'
[8.684s] DEBUG:colcon.colcon_notification.desktop_notification.notify2:Failed to initialize notify2: org.freedesktop.DBus.Error.Spawn.ExecFailed: /usr/bin/dbus-launch terminated abnormally without any error message
[8.685s] DEBUG:colcon.colcon_core.event_reactor:joined thread
[8.685s] INFO:colcon.colcon_core.shell:Creating prefix script '/root/turtlebot3_ws/install/local_setup.ps1'
[8.686s] INFO:colcon.colcon_core.shell:Creating prefix util module '/root/turtlebot3_ws/install/_local_setup_util_ps1.py'
[8.687s] INFO:colcon.colcon_core.shell:Creating prefix chain script '/root/turtlebot3_ws/install/setup.ps1'
[8.689s] INFO:colcon.colcon_core.shell:Creating prefix script '/root/turtlebot3_ws/install/local_setup.sh'
[8.690s] INFO:colcon.colcon_core.shell:Creating prefix util module '/root/turtlebot3_ws/install/_local_setup_util_sh.py'
[8.690s] INFO:colcon.colcon_core.shell:Creating prefix chain script '/root/turtlebot3_ws/install/setup.sh'
[8.691s] INFO:colcon.colcon_core.shell:Creating prefix script '/root/turtlebot3_ws/install/local_setup.bash'
[8.691s] INFO:colcon.colcon_core.shell:Creating prefix chain script '/root/turtlebot3_ws/install/setup.bash'
[8.692s] INFO:colcon.colcon_core.shell:Creating prefix script '/root/turtlebot3_ws/install/local_setup.zsh'
[8.693s] INFO:colcon.colcon_core.shell:Creating prefix chain script '/root/turtlebot3_ws/install/setup.zsh'
