-- The C compiler identification is GNU 13.3.0
-- The CXX compiler identification is GNU 13.3.0
-- Detecting C compiler ABI info
-- Detecting C compiler ABI info - done
-- Check for working C compiler: /usr/bin/cc - skipped
-- Detecting C compile features
-- Detecting C compile features - done
-- Detecting CXX compiler ABI info
-- Detecting CXX compiler ABI info - done
-- Check for working CXX compiler: /usr/bin/c++ - skipped
-- Detecting CXX compile features
-- Detecting CXX compile features - done
-- Found ament_cmake: 2.5.6 (/opt/ros/jazzy/share/ament_cmake/cmake)
-- Found Python3: /usr/bin/python3 (found version "3.12.3") found components: Interpreter 
-- Override CMake install command with custom implementation using symlinks instead of copying resources
-- Found rclcpp: 28.1.18 (/opt/ros/jazzy/share/rclcpp/cmake)
-- Found rosidl_generator_c: 4.6.7 (/opt/ros/jazzy/share/rosidl_generator_c/cmake)
-- Found rosidl_generator_cpp: 4.6.7 (/opt/ros/jazzy/share/rosidl_generator_cpp/cmake)
-- Using all available rosidl_typesupport_c: rosidl_typesupport_fastrtps_c;rosidl_typesupport_introspection_c
-- Using all available rosidl_typesupport_cpp: rosidl_typesupport_fastrtps_cpp;rosidl_typesupport_introspection_cpp
-- Found rmw_implementation_cmake: 7.3.3 (/opt/ros/jazzy/share/rmw_implementation_cmake/cmake)
-- Found rmw_fastrtps_cpp: 8.4.3 (/opt/ros/jazzy/share/rmw_fastrtps_cpp/cmake)
-- Found OpenSSL: /usr/lib/x86_64-linux-gnu/libcrypto.so (found version "3.0.13")  
-- Found FastRTPS: /opt/ros/jazzy/include (Required is at least version "2.13") 
-- Using RMW implementation 'rmw_fastrtps_cpp' as default
-- Found geometry_msgs: 5.3.7 (/opt/ros/jazzy/share/geometry_msgs/cmake)
-- Found sensor_msgs: 5.3.7 (/opt/ros/jazzy/share/sensor_msgs/cmake)
-- Configuring done (1.0s)
-- Generating done (0.0s)
-- Build files have been written to: /root/turtlebot3_ws/build/my_nav_nodes
[ 50%] Building CXX object CMakeFiles/wall_follower.dir/src/wall_follower.cpp.o
[100%] Linking CXX executable wall_follower
[100%] Built target wall_follower
-- Install configuration: ""
-- Execute custom install script
-- Symlinking: /root/turtlebot3_ws/install/my_nav_nodes/lib/my_nav_nodes/wall_follower
-- Symlinking: /root/turtlebot3_ws/install/my_nav_nodes/share/ament_index/resource_index/package_run_dependencies/my_nav_nodes
-- Symlinking: /root/turtlebot3_ws/install/my_nav_nodes/share/ament_index/resource_index/parent_prefix_path/my_nav_nodes
-- Symlinking: /root/turtlebot3_ws/install/my_nav_nodes/share/my_nav_nodes/environment/ament_prefix_path.sh
-- Symlinking: /root/turtlebot3_ws/install/my_nav_nodes/share/my_nav_nodes/environment/ament_prefix_path.dsv
-- Symlinking: /root/turtlebot3_ws/install/my_nav_nodes/share/my_nav_nodes/environment/path.sh
-- Symlinking: /root/turtlebot3_ws/install/my_nav_nodes/share/my_nav_nodes/environment/path.dsv
-- Symlinking: /root/turtlebot3_ws/install/my_nav_nodes/share/my_nav_nodes/local_setup.bash
-- Symlinking: /root/turtlebot3_ws/install/my_nav_nodes/share/my_nav_nodes/local_setup.sh
-- Symlinking: /root/turtlebot3_ws/install/my_nav_nodes/share/my_nav_nodes/local_setup.zsh
-- Symlinking: /root/turtlebot3_ws/install/my_nav_nodes/share/my_nav_nodes/local_setup.dsv
-- Symlinking: /root/turtlebot3_ws/install/my_nav_nodes/share/my_nav_nodes/package.dsv
-- Symlinking: /root/turtlebot3_ws/install/my_nav_nodes/share/ament_index/resource_index/packages/my_nav_nodes
-- Symlinking: /root/turtlebot3_ws/install/my_nav_nodes/share/my_nav_nodes/cmake/my_nav_nodesConfig.cmake
-- Symlinking: /root/turtlebot3_ws/install/my_nav_nodes/share/my_nav_nodes/cmake/my_nav_nodesConfig-version.cmake
-- Symlinking: /root/turtlebot3_ws/install/my_nav_nodes/share/my_nav_nodes/package.xml
