[0.004s] Invoking command in '/root/turtlebot3_ws/build/my_nav_nodes': CMAKE_PREFIX_PATH=${CMAKE_PREFIX_PATH}:/opt/ros/jazzy /usr/bin/cmake /root/turtlebot3_ws/src/my_nav_nodes -DAMENT_CMAKE_SYMLINK_INSTALL=1 -DCMAKE_INSTALL_PREFIX=/root/turtlebot3_ws/install/my_nav_nodes
[0.104s] -- The C compiler identification is GNU 13.3.0
[0.171s] -- The CXX compiler identification is GNU 13.3.0
[0.185s] -- Detecting C compiler ABI info
[0.253s] -- Detecting C compiler ABI info - done
[0.260s] -- Check for working C compiler: /usr/bin/cc - skipped
[0.260s] -- Detecting C compile features
[0.260s] -- Detecting C compile features - done
[0.266s] -- Detecting CXX compiler ABI info
[0.337s] -- Detecting CXX compiler ABI info - done
[0.345s] -- Check for working CXX compiler: /usr/bin/c++ - skipped
[0.345s] -- Detecting CXX compile features
[0.345s] -- Detecting CXX compile features - done
[0.348s] -- Found ament_cmake: 2.5.6 (/opt/ros/jazzy/share/ament_cmake/cmake)
[0.450s] -- Found Python3: /usr/bin/python3 (found version "3.12.3") found components: Interpreter 
[0.501s] -- Override CMake install command with custom implementation using symlinks instead of copying resources
[0.550s] -- Found rclcpp: 28.1.18 (/opt/ros/jazzy/share/rclcpp/cmake)
[0.593s] -- Found rosidl_generator_c: 4.6.7 (/opt/ros/jazzy/share/rosidl_generator_c/cmake)
[0.606s] -- Found rosidl_generator_cpp: 4.6.7 (/opt/ros/jazzy/share/rosidl_generator_cpp/cmake)
[0.622s] -- Using all available rosidl_typesupport_c: rosidl_typesupport_fastrtps_c;rosidl_typesupport_introspection_c
[0.639s] -- Using all available rosidl_typesupport_cpp: rosidl_typesupport_fastrtps_cpp;rosidl_typesupport_introspection_cpp
[0.710s] -- Found rmw_implementation_cmake: 7.3.3 (/opt/ros/jazzy/share/rmw_implementation_cmake/cmake)
[0.714s] -- Found rmw_fastrtps_cpp: 8.4.3 (/opt/ros/jazzy/share/rmw_fastrtps_cpp/cmake)
[0.787s] -- Found OpenSSL: /usr/lib/x86_64-linux-gnu/libcrypto.so (found version "3.0.13")  
[0.803s] -- Found FastRTPS: /opt/ros/jazzy/include (Required is at least version "2.13") 
[0.820s] -- Using RMW implementation 'rmw_fastrtps_cpp' as default
[0.886s] -- Found geometry_msgs: 5.3.7 (/opt/ros/jazzy/share/geometry_msgs/cmake)
[0.909s] -- Found sensor_msgs: 5.3.7 (/opt/ros/jazzy/share/sensor_msgs/cmake)
[0.981s] -- Configuring done (1.0s)
[0.988s] -- Generating done (0.0s)
[0.991s] -- Build files have been written to: /root/turtlebot3_ws/build/my_nav_nodes
[0.997s] Invoked command in '/root/turtlebot3_ws/build/my_nav_nodes' returned '0': CMAKE_PREFIX_PATH=${CMAKE_PREFIX_PATH}:/opt/ros/jazzy /usr/bin/cmake /root/turtlebot3_ws/src/my_nav_nodes -DAMENT_CMAKE_SYMLINK_INSTALL=1 -DCMAKE_INSTALL_PREFIX=/root/turtlebot3_ws/install/my_nav_nodes
[0.997s] Invoking command in '/root/turtlebot3_ws/build/my_nav_nodes': CMAKE_PREFIX_PATH=${CMAKE_PREFIX_PATH}:/opt/ros/jazzy /usr/bin/cmake --build /root/turtlebot3_ws/build/my_nav_nodes -- -j32 -l32
[1.041s] [ 50%] Building CXX object CMakeFiles/wall_follower.dir/src/wall_follower.cpp.o
[7.979s] [100%] Linking CXX executable wall_follower
[8.252s] [100%] Built target wall_follower
[8.266s] Invoked command in '/root/turtlebot3_ws/build/my_nav_nodes' returned '0': CMAKE_PREFIX_PATH=${CMAKE_PREFIX_PATH}:/opt/ros/jazzy /usr/bin/cmake --build /root/turtlebot3_ws/build/my_nav_nodes -- -j32 -l32
[8.279s] Invoking command in '/root/turtlebot3_ws/build/my_nav_nodes': CMAKE_PREFIX_PATH=${CMAKE_PREFIX_PATH}:/opt/ros/jazzy /usr/bin/cmake --install /root/turtlebot3_ws/build/my_nav_nodes
[8.287s] -- Install configuration: ""
[8.287s] -- Execute custom install script
[8.288s] -- Symlinking: /root/turtlebot3_ws/install/my_nav_nodes/lib/my_nav_nodes/wall_follower
[8.296s] -- Symlinking: /root/turtlebot3_ws/install/my_nav_nodes/share/ament_index/resource_index/package_run_dependencies/my_nav_nodes
[8.303s] -- Symlinking: /root/turtlebot3_ws/install/my_nav_nodes/share/ament_index/resource_index/parent_prefix_path/my_nav_nodes
[8.309s] -- Symlinking: /root/turtlebot3_ws/install/my_nav_nodes/share/my_nav_nodes/environment/ament_prefix_path.sh
[8.316s] -- Symlinking: /root/turtlebot3_ws/install/my_nav_nodes/share/my_nav_nodes/environment/ament_prefix_path.dsv
[8.325s] -- Symlinking: /root/turtlebot3_ws/install/my_nav_nodes/share/my_nav_nodes/environment/path.sh
[8.331s] -- Symlinking: /root/turtlebot3_ws/install/my_nav_nodes/share/my_nav_nodes/environment/path.dsv
[8.340s] -- Symlinking: /root/turtlebot3_ws/install/my_nav_nodes/share/my_nav_nodes/local_setup.bash
[8.347s] -- Symlinking: /root/turtlebot3_ws/install/my_nav_nodes/share/my_nav_nodes/local_setup.sh
[8.356s] -- Symlinking: /root/turtlebot3_ws/install/my_nav_nodes/share/my_nav_nodes/local_setup.zsh
[8.363s] -- Symlinking: /root/turtlebot3_ws/install/my_nav_nodes/share/my_nav_nodes/local_setup.dsv
[8.370s] -- Symlinking: /root/turtlebot3_ws/install/my_nav_nodes/share/my_nav_nodes/package.dsv
[8.379s] -- Symlinking: /root/turtlebot3_ws/install/my_nav_nodes/share/ament_index/resource_index/packages/my_nav_nodes
[8.388s] -- Symlinking: /root/turtlebot3_ws/install/my_nav_nodes/share/my_nav_nodes/cmake/my_nav_nodesConfig.cmake
[8.394s] -- Symlinking: /root/turtlebot3_ws/install/my_nav_nodes/share/my_nav_nodes/cmake/my_nav_nodesConfig-version.cmake
[8.403s] -- Symlinking: /root/turtlebot3_ws/install/my_nav_nodes/share/my_nav_nodes/package.xml
[8.415s] Invoked command in '/root/turtlebot3_ws/build/my_nav_nodes' returned '0': CMAKE_PREFIX_PATH=${CMAKE_PREFIX_PATH}:/opt/ros/jazzy /usr/bin/cmake --install /root/turtlebot3_ws/build/my_nav_nodes
